\BOOKMARK [0][-]{dummy.4}{\376\377\000A\000c\000k\000n\000o\000w\000l\000e\000d\000g\000e\000m\000e\000n\000t\000s}{}% 1
\BOOKMARK [0][-]{dummy.5}{\376\377\000N\000o\000m\000e\000n\000c\000l\000a\000t\000u\000r\000e}{}% 2
\BOOKMARK [0][-]{chapter.8}{\376\377\0001\000\040\000I\000n\000t\000r\000o\000d\000u\000c\000t\000i\000o\000n}{}% 3
\BOOKMARK [1][-]{section.15}{\376\377\0001\000.\0001\000\040\000R\000e\000s\000e\000a\000r\000c\000h\000\040\000q\000u\000e\000s\000t\000i\000o\000n\000\040\000a\000n\000d\000\040\000c\000h\000a\000l\000l\000e\000n\000g\000e}{chapter.8}% 4
\BOOKMARK [2][-]{subsection.16}{\376\377\0001\000.\0001\000.\0001\000\040\000P\000r\000o\000b\000l\000e\000m\000\040\000w\000i\000t\000h\000\040\000c\000u\000r\000r\000e\000n\000t\000\040\000s\000o\000c\000i\000a\000l\000\040\000n\000e\000t\000w\000o\000r\000k\000i\000n\000g\000\040\000s\000e\000r\000v\000i\000c\000e\000s}{section.15}% 5
\BOOKMARK [2][-]{subsection.17}{\376\377\0001\000.\0001\000.\0002\000\040\000R\000e\000s\000e\000a\000r\000c\000h\000\040\000c\000h\000a\000l\000l\000e\000n\000g\000e\000s}{section.15}% 6
\BOOKMARK [3][-]{subsubsection.18}{\376\377\0001\000.\0001\000.\0002\000.\0001\000\040\000D\000a\000t\000a\000\040\000H\000a\000r\000v\000e\000s\000t\000\040\000a\000n\000d\000\040\000D\000a\000t\000a\000\040\000I\000n\000t\000e\000g\000r\000a\000t\000i\000o\000n}{subsection.17}% 7
\BOOKMARK [3][-]{subsubsection.19}{\376\377\0001\000.\0001\000.\0002\000.\0002\000\040\000P\000u\000r\000p\000o\000s\000i\000v\000e\000\040\000S\000o\000c\000i\000a\000l\000\040\000N\000e\000t\000w\000o\000r\000k\000\040\000f\000o\000r\000m\000a\000t\000i\000o\000n}{subsection.17}% 8
\BOOKMARK [3][-]{subsubsection.20}{\376\377\0001\000.\0001\000.\0002\000.\0003\000\040\000N\000e\000t\000w\000o\000r\000k\000\040\000A\000n\000a\000l\000y\000s\000i\000s\000\040\000a\000n\000d\000\040\000i\000n\000i\000t\000i\000a\000l\000\040\000r\000e\000s\000u\000l\000t}{subsection.17}% 9
\BOOKMARK [3][-]{subsubsection.22}{\376\377\0001\000.\0001\000.\0002\000.\0004\000\040\000L\000i\000n\000k\000i\000n\000g\000\040\000t\000h\000e\000\040\000D\000a\000t\000a}{subsection.17}% 10
\BOOKMARK [1][-]{section.25}{\376\377\0001\000.\0002\000\040\000S\000t\000r\000u\000c\000t\000u\000r\000e\000\040\000o\000f\000\040\000t\000h\000e\000\040\000r\000e\000p\000o\000r\000t}{chapter.8}% 11
\BOOKMARK [0][-]{chapter.26}{\376\377\0002\000\040\000E\000v\000o\000l\000u\000t\000i\000o\000n\000\040\000o\000f\000\040\000C\000o\000l\000l\000e\000c\000t\000i\000v\000e\000\040\000I\000n\000t\000e\000l\000l\000i\000g\000e\000n\000c\000e\000\040\000a\000n\000d\000\040\000S\000o\000c\000i\000a\000l\000\040\000N\000e\000t\000w\000o\000r\000k\000\040\000i\000n\000\040\000W\000e\000b}{}% 12
\BOOKMARK [1][-]{section.27}{\376\377\0002\000.\0001\000\040\000T\000h\000e\000\040\000e\000m\000e\000r\000g\000e\000n\000c\000e\000\040\000o\000f\000\040\000S\000o\000c\000i\000a\000l\000\040\000W\000e\000b}{chapter.26}% 13
\BOOKMARK [1][-]{section.29}{\376\377\0002\000.\0002\000\040\000W\000e\000b\000\040\0002\000.\0000\000\040\000a\000n\000d\000\040\000S\000o\000c\000i\000a\000l\000\040\000M\000e\000d\000i\000a}{chapter.26}% 14
\BOOKMARK [2][-]{subsection.30}{\376\377\0002\000.\0002\000.\0001\000\040\000B\000l\000o\000g\000o\000s\000p\000h\000e\000r\000e}{section.29}% 15
\BOOKMARK [2][-]{subsection.35}{\376\377\0002\000.\0002\000.\0002\000\040\000S\000o\000c\000i\000a\000l\000\040\000N\000e\000t\000w\000o\000r\000k\000i\000n\000g\000\040\000S\000e\000r\000v\000i\000c\000e\000s}{section.29}% 16
\BOOKMARK [2][-]{subsection.37}{\376\377\0002\000.\0002\000.\0003\000\040\000M\000i\000c\000r\000o\000b\000l\000o\000g\000g\000i\000n\000g}{section.29}% 17
\BOOKMARK [2][-]{subsection.39}{\376\377\0002\000.\0002\000.\0004\000\040\000P\000e\000e\000r\000\040\000t\000o\000\040\000P\000e\000e\000r\000\040\000n\000e\000t\000w\000o\000r\000k}{section.29}% 18
\BOOKMARK [2][-]{subsection.41}{\376\377\0002\000.\0002\000.\0005\000\040\000C\000o\000n\000t\000e\000n\000t\000\040\000S\000p\000e\000c\000i\000f\000i\000c\000\040\000S\000o\000c\000i\000a\000l\000\040\000N\000e\000t\000w\000o\000r\000k\000i\000n\000g\000\040\000s\000e\000r\000v\000i\000c\000e\000s}{section.29}% 19
\BOOKMARK [1][-]{section.44}{\376\377\0002\000.\0003\000\040\000C\000o\000l\000l\000e\000c\000t\000i\000v\000e\000\040\000I\000n\000t\000e\000l\000l\000i\000g\000e\000n\000c\000e\000\040\000a\000n\000d\000\040\000C\000r\000o\000w\000d\000s\000o\000u\000r\000c\000i\000n\000g}{chapter.26}% 20
\BOOKMARK [2][-]{subsection.45}{\376\377\0002\000.\0003\000.\0001\000\040\000W\000i\000k\000i}{section.44}% 21
\BOOKMARK [2][-]{subsection.47}{\376\377\0002\000.\0003\000.\0002\000\040\000F\000o\000l\000k\000s\000o\000n\000o\000m\000y}{section.44}% 22
\BOOKMARK [2][-]{subsection.48}{\376\377\0002\000.\0003\000.\0003\000\040\000O\000p\000e\000n\000\040\000S\000o\000u\000r\000c\000e\000\040\000S\000o\000f\000t\000w\000a\000r\000e}{section.44}% 23
\BOOKMARK [2][-]{subsection.49}{\376\377\0002\000.\0003\000.\0004\000\040\000F\000o\000r\000u\000m\000s\000\040\000a\000n\000d\000\040\000m\000e\000s\000s\000a\000g\000i\000n\000g\000\040\000b\000o\000a\000r\000d\000s}{section.44}% 24
\BOOKMARK [2][-]{subsection.50}{\376\377\0002\000.\0003\000.\0005\000\040\000U\000s\000e\000r\000\040\000R\000e\000c\000o\000m\000m\000e\000n\000d\000a\000t\000i\000o\000n\000\040\000s\000y\000s\000t\000e\000m}{section.44}% 25
\BOOKMARK [2][-]{subsection.53}{\376\377\0002\000.\0003\000.\0006\000\040\000H\000u\000m\000a\000n\000\040\000C\000o\000m\000p\000u\000t\000a\000t\000i\000o\000n}{section.44}% 26
\BOOKMARK [1][-]{section.55}{\376\377\0002\000.\0004\000\040\000S\000e\000m\000a\000n\000t\000i\000c\000\040\000W\000e\000b\000\040\000a\000n\000d\000\040\000S\000o\000c\000i\000a\000l\000\040\000N\000e\000t\000w\000o\000r\000k\000i\000n\000g}{chapter.26}% 27
\BOOKMARK [2][-]{subsection.56}{\376\377\0002\000.\0004\000.\0001\000\040\000S\000o\000c\000i\000a\000l\000\040\000S\000e\000m\000a\000n\000t\000i\000c\000\040\000T\000e\000c\000h\000n\000o\000l\000o\000g\000y}{section.55}% 28
\BOOKMARK [3][-]{subsubsection.57}{\376\377\0002\000.\0004\000.\0001\000.\0001\000\040\000F\000O\000A\000F}{subsection.56}% 29
\BOOKMARK [3][-]{subsubsection.59}{\376\377\0002\000.\0004\000.\0001\000.\0002\000\040\000S\000I\000O\000C}{subsection.56}% 30
\BOOKMARK [3][-]{subsubsection.60}{\376\377\0002\000.\0004\000.\0001\000.\0003\000\040\000O\000P\000O}{subsection.56}% 31
\BOOKMARK [2][-]{subsection.61}{\376\377\0002\000.\0004\000.\0002\000\040\000S\000o\000c\000i\000a\000l\000\040\000S\000e\000m\000a\000n\000t\000i\000c\000\040\000A\000p\000p\000l\000i\000c\000a\000t\000i\000o\000n\000s}{section.55}% 32
\BOOKMARK [3][-]{subsubsection.62}{\376\377\0002\000.\0004\000.\0002\000.\0001\000\040\000S\000e\000m\000a\000n\000t\000i\000c\000\040\000T\000a\000g\000g\000i\000n\000g}{subsection.61}% 33
\BOOKMARK [3][-]{subsubsection.63}{\376\377\0002\000.\0004\000.\0002\000.\0002\000\040\000S\000e\000m\000a\000n\000t\000i\000c\000\040\000b\000l\000o\000g\000g\000i\000n\000g\000\040\000a\000n\000d\000\040\000m\000i\000c\000r\000o\000b\000l\000o\000g\000g\000i\000n\000g}{subsection.61}% 34
\BOOKMARK [3][-]{subsubsection.65}{\376\377\0002\000.\0004\000.\0002\000.\0003\000\040\000S\000e\000m\000a\000n\000t\000i\000c\000\040\000W\000i\000k\000i}{subsection.61}% 35
\BOOKMARK [0][-]{chapter.67}{\376\377\0003\000\040\000P\000u\000r\000p\000o\000s\000i\000v\000e\000\040\000S\000o\000c\000i\000a\000l\000\040\000N\000e\000t\000w\000o\000r\000k\000\040\000a\000n\000d\000\040\000C\000o\000m\000m\000u\000n\000i\000t\000y\000\040\000F\000o\000r\000m\000a\000t\000i\000o\000n}{}% 36
\BOOKMARK [1][-]{section.68}{\376\377\0003\000.\0001\000\040\000W\000h\000a\000t\000\040\000i\000s\000\040\000P\000u\000r\000p\000o\000s\000i\000v\000e\000\040\000S\000o\000c\000i\000a\000l\000\040\000N\000e\000t\000w\000o\000r\000k\000\040\000\050\000D\000i\000f\000f\000e\000r\000e\000n\000t\000\040\000t\000y\000p\000e\000s\000\040\000o\000f\000\040\000S\000o\000c\000i\000a\000l\000\040\000N\000e\000t\000w\000o\000r\000k\000\051}{chapter.67}% 37
\BOOKMARK [2][-]{subsection.69}{\376\377\0003\000.\0001\000.\0001\000\040\000I\000n\000f\000o\000r\000m\000a\000t\000i\000o\000n\000\040\000b\000a\000s\000e\000d\000\040\000c\000o\000m\000m\000u\000n\000i\000t\000y}{section.68}% 38
\BOOKMARK [2][-]{subsection.70}{\376\377\0003\000.\0001\000.\0002\000\040\000I\000n\000t\000e\000r\000e\000s\000t\000\040\000b\000a\000s\000e\000d\000\040\000c\000o\000m\000m\000u\000n\000i\000t\000y}{section.68}% 39
\BOOKMARK [2][-]{subsection.71}{\376\377\0003\000.\0001\000.\0003\000\040\000L\000o\000c\000a\000t\000i\000o\000n\000\040\000b\000a\000s\000e\000d\000\040\000c\000o\000m\000m\000u\000n\000i\000t\000y}{section.68}% 40
\BOOKMARK [2][-]{subsection.72}{\376\377\0003\000.\0001\000.\0004\000\040\000E\000x\000p\000e\000r\000t\000\040\000b\000a\000s\000e\000d\000\040\000c\000o\000m\000m\000u\000n\000i\000t\000y}{section.68}% 41
\BOOKMARK [1][-]{section.73}{\376\377\0003\000.\0002\000\040\000W\000h\000y\000\040\000P\000u\000r\000p\000o\000s\000i\000v\000e\000\040\000S\000o\000c\000i\000a\000l\000\040\000N\000e\000t\000w\000o\000r\000k\000\040\000i\000s\000\040\000f\000o\000r\000m\000e\000d}{chapter.67}% 42
\BOOKMARK [2][-]{subsection.74}{\376\377\0003\000.\0002\000.\0001\000\040\000I\000n\000f\000o\000r\000m\000a\000t\000i\000o\000n\000\040\000e\000x\000c\000h\000a\000n\000g\000e\000\040\000a\000n\000d\000\040\000s\000e\000l\000f\000\040\000i\000n\000t\000e\000r\000e\000s\000t}{section.73}% 43
\BOOKMARK [2][-]{subsection.80}{\376\377\0003\000.\0002\000.\0002\000\040\000S\000y\000m\000b\000i\000o\000t\000i\000c\000\040\000r\000e\000l\000a\000t\000i\000o\000n\000\040\000a\000n\000d\000\040\000s\000o\000c\000i\000a\000l\000\040\000e\000x\000c\000h\000a\000n\000g\000e}{section.73}% 44
\BOOKMARK [2][-]{subsection.83}{\376\377\0003\000.\0002\000.\0003\000\040\000R\000e\000c\000o\000m\000m\000e\000n\000d\000a\000t\000i\000o\000n\000\040\000S\000y\000s\000t\000e\000m}{section.73}% 45
\BOOKMARK [2][-]{subsection.84}{\376\377\0003\000.\0002\000.\0004\000\040\000E\000x\000p\000e\000r\000t\000\040\000F\000i\000n\000d\000e\000r}{section.73}% 46
\BOOKMARK [2][-]{subsection.85}{\376\377\0003\000.\0002\000.\0005\000\040\000S\000o\000c\000i\000a\000l\000\040\000r\000e\000c\000o\000g\000n\000i\000t\000i\000o\000n\000\040\000a\000n\000d\000\040\000p\000e\000r\000s\000o\000n\000a\000l\000\040\000s\000a\000t\000i\000s\000f\000a\000c\000t\000i\000o\000n}{section.73}% 47
\BOOKMARK [1][-]{section.86}{\376\377\0003\000.\0003\000\040\000C\000h\000a\000r\000a\000c\000t\000e\000r\000i\000s\000t\000i\000c\000\040\000o\000f\000\040\000P\000u\000r\000p\000o\000s\000i\000v\000e\000\040\000S\000o\000c\000i\000a\000l\000\040\000N\000e\000t\000w\000o\000r\000k}{chapter.67}% 48
\BOOKMARK [2][-]{subsection.87}{\376\377\0003\000.\0003\000.\0001\000\040\000S\000m\000a\000l\000l\000\040\000n\000u\000m\000b\000e\000r\000\040\000o\000f\000\040\000p\000e\000o\000p\000l\000e}{section.86}% 49
\BOOKMARK [2][-]{subsection.88}{\376\377\0003\000.\0003\000.\0002\000\040\000F\000o\000c\000u\000s\000e\000d\000\040\000i\000n\000t\000e\000r\000e\000s\000t}{section.86}% 50
\BOOKMARK [2][-]{subsection.89}{\376\377\0003\000.\0003\000.\0003\000\040\000D\000i\000r\000e\000c\000t\000\040\000c\000o\000m\000m\000u\000n\000i\000c\000a\000t\000i\000o\000n}{section.86}% 51
\BOOKMARK [2][-]{subsection.90}{\376\377\0003\000.\0003\000.\0004\000\040\000A\000c\000t\000i\000v\000e\000\040\000p\000a\000r\000t\000i\000c\000i\000p\000a\000t\000i\000o\000n}{section.86}% 52
\BOOKMARK [2][-]{subsection.91}{\376\377\0003\000.\0003\000.\0005\000\040\000S\000h\000o\000r\000t\000\040\000l\000i\000f\000e\000s\000p\000a\000n}{section.86}% 53
\BOOKMARK [2][-]{subsection.92}{\376\377\0003\000.\0003\000.\0006\000\040\000S\000t\000r\000o\000n\000g\000\040\000i\000n\000c\000e\000n\000t\000i\000v\000e}{section.86}% 54
\BOOKMARK [1][-]{section.93}{\376\377\0003\000.\0004\000\040\000C\000r\000o\000w\000d\000s\000o\000u\000r\000c\000i\000n\000g\000\040\000i\000n\000\040\000P\000u\000r\000p\000o\000s\000i\000v\000e\000\040\000S\000o\000c\000i\000a\000l\000\040\000N\000e\000t\000w\000o\000r\000k}{chapter.67}% 55
\BOOKMARK [2][-]{subsection.94}{\376\377\0003\000.\0004\000.\0001\000\040\000R\000e\000c\000r\000u\000i\000t\000i\000n\000g\000\040\000a\000n\000d\000\040\000r\000e\000t\000a\000i\000n\000i\000n\000g\000\040\000u\000s\000e\000r\000s}{section.93}% 56
\BOOKMARK [2][-]{subsection.95}{\376\377\0003\000.\0004\000.\0002\000\040\000I\000n\000c\000e\000n\000t\000i\000v\000e\000\040\000M\000o\000d\000e\000l}{section.93}% 57
\BOOKMARK [2][-]{subsection.96}{\376\377\0003\000.\0004\000.\0003\000\040\000Q\000u\000a\000l\000i\000t\000y\000\040\000C\000o\000n\000t\000r\000o\000l}{section.93}% 58
\BOOKMARK [2][-]{subsection.98}{\376\377\0003\000.\0004\000.\0004\000\040\000S\000e\000a\000r\000c\000h\000\040\000a\000n\000d\000\040\000D\000i\000s\000c\000o\000v\000e\000r\000y\000\040\000o\000f\000\040\000Q\000u\000a\000l\000i\000t\000y\000\040\000C\000o\000n\000t\000e\000n\000t}{section.93}% 59
\BOOKMARK [1][-]{section.101}{\376\377\0003\000.\0005\000\040\000R\000o\000l\000e\000\040\000o\000f\000\040\000S\000e\000m\000a\000n\000t\000i\000c\000\040\000W\000e\000b\000\040\000i\000n\000\040\000P\000u\000r\000p\000o\000s\000i\000v\000e\000\040\000S\000o\000c\000i\000a\000l\000\040\000N\000e\000t\000w\000o\000r\000k}{chapter.67}% 60
\BOOKMARK [2][-]{subsection.102}{\376\377\0003\000.\0005\000.\0001\000\040\000L\000i\000n\000k\000e\000d\000\040\000D\000a\000t\000a\000\040\000t\000o\000\040\000s\000u\000p\000p\000o\000r\000t\000\040\000p\000u\000r\000p\000o\000s\000i\000v\000e\000\040\000c\000o\000m\000m\000u\000n\000i\000t\000i\000e\000s}{section.101}% 61
\BOOKMARK [2][-]{subsection.103}{\376\377\0003\000.\0005\000.\0002\000\040\000M\000u\000l\000t\000i\000d\000i\000m\000e\000n\000s\000i\000o\000n\000a\000l\000\040\000N\000e\000t\000w\000o\000r\000k}{section.101}% 62
\BOOKMARK [2][-]{subsection.104}{\376\377\0003\000.\0005\000.\0003\000\040\000S\000t\000r\000u\000c\000t\000u\000r\000e\000d\000\040\000D\000a\000t\000a}{section.101}% 63
\BOOKMARK [2][-]{subsection.105}{\376\377\0003\000.\0005\000.\0004\000\040\000L\000i\000n\000k\000i\000n\000g\000\040\000P\000e\000o\000p\000l\000e\000\040\000t\000o\000\040\000P\000e\000o\000p\000l\000e\000\040\000a\000n\000d\000\040\000P\000e\000o\000p\000l\000e\000\040\000t\000o\000\040\000D\000a\000t\000a}{section.101}% 64
\BOOKMARK [2][-]{subsection.106}{\376\377\0003\000.\0005\000.\0005\000\040\000S\000m\000a\000r\000t\000\040\000Q\000u\000e\000r\000y}{section.101}% 65
\BOOKMARK [2][-]{subsection.107}{\376\377\0003\000.\0005\000.\0006\000\040\000S\000o\000c\000i\000a\000l\000\040\000N\000e\000t\000w\000o\000r\000k\000\040\000A\000n\000a\000l\000y\000s\000i\000s}{section.101}% 66
\BOOKMARK [2][-]{subsection.108}{\376\377\0003\000.\0005\000.\0007\000\040\000I\000n\000t\000e\000g\000r\000a\000t\000e\000d\000\040\000K\000n\000o\000w\000l\000e\000d\000g\000e\000b\000a\000s\000e}{section.101}% 67
\BOOKMARK [0][-]{chapter.109}{\376\377\0004\000\040\000A\000n\000a\000l\000y\000s\000i\000s\000\040\000o\000f\000\040\000P\000u\000r\000p\000o\000s\000i\000v\000e\000\040\000S\000o\000c\000i\000a\000l\000\040\000N\000e\000t\000w\000o\000r\000k}{}% 68
\BOOKMARK [1][-]{section.110}{\376\377\0004\000.\0001\000\040\000N\000e\000t\000w\000o\000r\000k\000\040\000L\000i\000n\000k\000a\000g\000e\000\040\000a\000n\000d\000\040\000S\000o\000c\000i\000a\000l\000\040\000T\000i\000e\000s}{chapter.109}% 69
\BOOKMARK [1][-]{section.119}{\376\377\0004\000.\0002\000\040\000R\000o\000l\000e\000\040\000o\000f\000\040\000I\000n\000d\000i\000v\000i\000d\000u\000a\000l\000\040\000A\000c\000t\000o\000r\000s}{chapter.109}% 70
\BOOKMARK [1][-]{section.124}{\376\377\0004\000.\0003\000\040\000I\000n\000c\000e\000n\000t\000i\000v\000e\000\040\000D\000e\000s\000i\000g\000n\000\040\000a\000n\000d\000\040\000Q\000u\000a\000l\000i\000t\000y\000\040\000C\000o\000n\000t\000r\000o\000l}{chapter.109}% 71
\BOOKMARK [1][-]{section.127}{\376\377\0004\000.\0004\000\040\000U\000s\000i\000n\000g\000\040\000S\000e\000m\000a\000n\000t\000i\000c\000\040\000W\000e\000b\000\040\000T\000e\000c\000h\000n\000o\000l\000o\000g\000i\000e\000s}{chapter.109}% 72
\BOOKMARK [2][-]{subsection.128}{\376\377\0004\000.\0004\000.\0001\000\040\000U\000s\000i\000n\000g\000\040\000R\000D\000F\000\040\000a\000n\000d\000\040\000L\000i\000n\000k\000e\000d\000\040\000D\000a\000t\000a}{section.127}% 73
\BOOKMARK [2][-]{subsection.129}{\376\377\0004\000.\0004\000.\0002\000\040\000T\000o\000p\000i\000c\000\040\000D\000i\000s\000a\000m\000b\000i\000g\000u\000a\000t\000i\000o\000n}{section.127}% 74
\BOOKMARK [2][-]{subsection.134}{\376\377\0004\000.\0004\000.\0003\000\040\000E\000x\000p\000e\000r\000t\000\040\000F\000i\000n\000d\000e\000r}{section.127}% 75
\BOOKMARK [0][-]{chapter.137}{\376\377\0005\000\040\000C\000o\000n\000c\000l\000u\000s\000i\000o\000n\000s}{}% 76
\BOOKMARK [1][-]{section.138}{\376\377\0005\000.\0001\000\040\000F\000u\000t\000u\000r\000e\000\040\000W\000o\000r\000k}{chapter.137}% 77
\BOOKMARK [2][-]{subsection.141}{\376\377\0005\000.\0001\000.\0001\000\040\000G\000a\000n\000t\000t\000\040\000c\000h\000a\000r\000t}{section.138}% 78
\BOOKMARK [3][-]{subsubsection.143}{\376\377\0005\000.\0001\000.\0001\000.\0001\000\040\000R\000e\000d\000d\000i\000t\000\040\000D\000a\000t\000a\000\040\000m\000i\000n\000i\000n\000g\000\040\000\050\000W\000e\000e\000k\000\040\0001\000-\0004\000\051}{subsection.141}% 79
\BOOKMARK [3][-]{subsubsection.144}{\376\377\0005\000.\0001\000.\0001\000.\0002\000\040\000Q\000u\000o\000r\000a\000\040\000D\000a\000t\000a\000\040\000m\000i\000n\000i\000n\000g\000\040\000\050\000W\000e\000e\000k\000\040\0003\000-\0006\000\051}{subsection.141}% 80
\BOOKMARK [3][-]{subsubsection.145}{\376\377\0005\000.\0001\000.\0001\000.\0003\000\040\000R\000D\000F\000/\000L\000i\000n\000k\000e\000d\000\040\000D\000a\000t\000a\000\040\000c\000o\000n\000v\000e\000r\000s\000i\000o\000n\000\040\000\050\000W\000e\000e\000k\000\040\0005\000-\0007\000\051}{subsection.141}% 81
\BOOKMARK [3][-]{subsubsection.146}{\376\377\0005\000.\0001\000.\0001\000.\0004\000\040\000K\000e\000y\000w\000o\000r\000d\000\040\000d\000i\000s\000a\000m\000b\000i\000g\000u\000a\000t\000i\000o\000n\000\040\000\050\000W\000e\000e\000k\000\040\0004\000-\0001\0000\000\051}{subsection.141}% 82
\BOOKMARK [3][-]{subsubsection.147}{\376\377\0005\000.\0001\000.\0001\000.\0005\000\040\000D\000a\000t\000a\000\040\000A\000n\000a\000l\000y\000s\000i\000s\000\040\000\050\000W\000e\000e\000k\000\040\0009\000-\0001\0003\000\051}{subsection.141}% 83
\BOOKMARK [3][-]{subsubsection.148}{\376\377\0005\000.\0001\000.\0001\000.\0006\000\040\000I\000n\000t\000e\000r\000f\000a\000c\000e\000\040\000D\000e\000s\000i\000g\000n\000\040\000\050\000W\000e\000e\000k\000\040\0001\0003\000-\0002\0000\000\051}{subsection.141}% 84
\BOOKMARK [3][-]{subsubsection.149}{\376\377\0005\000.\0001\000.\0001\000.\0007\000\040\000T\000e\000s\000t\000i\000n\000g\000\040\000\050\000W\000e\000e\000k\000\040\0001\0009\000-\0002\0004\000\051}{subsection.141}% 85
\BOOKMARK [3][-]{subsubsection.150}{\376\377\0005\000.\0001\000.\0001\000.\0008\000\040\000E\000v\000a\000l\000u\000a\000t\000i\000o\000n\000\040\000\050\000W\000e\000e\000k\000\040\0002\0005\000-\0002\0008\000\051}{subsection.141}% 86
\BOOKMARK [3][-]{subsubsection.151}{\376\377\0005\000.\0001\000.\0001\000.\0009\000\040\000T\000h\000e\000s\000i\000s\000\040\000w\000r\000i\000t\000e\000-\000u\000p\000\040\000\050\000W\000e\000e\000k\000\040\0002\0009\000-\0004\0000\000\051}{subsection.141}% 87
\BOOKMARK [0][-]{appendix.152}{\376\377\000A\000\040\000A\000p\000p\000e\000n\000d\000i\000x}{}% 88
\BOOKMARK [1][-]{section.153}{\376\377\000A\000.\0001\000\040\000U\000s\000e\000r\000\040\000a\000c\000t\000i\000v\000i\000t\000y}{appendix.152}% 89
