This is pdfTeX, Version 3.1415926-2.5-1.40.14 (TeX Live 2013/Debian) (format=pdflatex 2014.11.4)  17 FEB 2015 14:20
entering extended mode
 restricted \write18 enabled.
 %&-line parsing enabled.
**Thesis.tex
(./Thesis.tex
LaTeX2e <2011/06/27>
Babel <3.9h> and hyphenation patterns for 4 languages loaded.
(./ecsthesis.cls
Document Class: ecsthesis 2011/11/10 v2.0 LaTeX document class
(/usr/share/texlive/texmf-dist/tex/latex/base/book.cls
Document Class: book 2007/10/19 v1.4h Standard LaTeX document class
(/usr/share/texlive/texmf-dist/tex/latex/base/bk11.clo
File: bk11.clo 2007/10/19 v1.4h Standard LaTeX file (size option)
)
\c@part=\count79
\c@chapter=\count80
\c@section=\count81
\c@subsection=\count82
\c@subsubsection=\count83
\c@paragraph=\count84
\c@subparagraph=\count85
\c@figure=\count86
\c@table=\count87
\abovecaptionskip=\skip41
\belowcaptionskip=\skip42
\bibindent=\dimen102
)
(/usr/share/texlive/texmf-dist/tex/latex/setspace/setspace.sty
Package: setspace 2011/12/19 v6.7a set line spacing
)
(/usr/share/texlive/texmf-dist/tex/latex/vmargin/vmargin.sty
Package: vmargin 2004/07/15 V2.5 set document margins (VK)

Package: vmargin 2004/07/15 V2.5 set document margins (VK)
\PaperWidth=\dimen103
\PaperHeight=\dimen104
) (/usr/share/texlive/texmf-dist/tex/latex/fancyhdr/fancyhdr.sty
\fancy@headwidth=\skip43
\f@ncyO@elh=\skip44
\f@ncyO@erh=\skip45
\f@ncyO@olh=\skip46
\f@ncyO@orh=\skip47
\f@ncyO@elf=\skip48
\f@ncyO@erf=\skip49
\f@ncyO@olf=\skip50
\f@ncyO@orf=\skip51
)
(/usr/share/texlive/texmf-dist/tex/latex/amsmath/amsmath.sty
Package: amsmath 2013/01/14 v2.14 AMS math features
\@mathmargin=\skip52

For additional information on amsmath, use the `?' option.
(/usr/share/texlive/texmf-dist/tex/latex/amsmath/amstext.sty
Package: amstext 2000/06/29 v2.01

(/usr/share/texlive/texmf-dist/tex/latex/amsmath/amsgen.sty
File: amsgen.sty 1999/11/30 v2.0
\@emptytoks=\toks14
\ex@=\dimen105
))
(/usr/share/texlive/texmf-dist/tex/latex/amsmath/amsbsy.sty
Package: amsbsy 1999/11/29 v1.2d
\pmbraise@=\dimen106
)
(/usr/share/texlive/texmf-dist/tex/latex/amsmath/amsopn.sty
Package: amsopn 1999/12/14 v2.01 operator names
)
\inf@bad=\count88
LaTeX Info: Redefining \frac on input line 210.
\uproot@=\count89
\leftroot@=\count90
LaTeX Info: Redefining \overline on input line 306.
\classnum@=\count91
\DOTSCASE@=\count92
LaTeX Info: Redefining \ldots on input line 378.
LaTeX Info: Redefining \dots on input line 381.
LaTeX Info: Redefining \cdots on input line 466.
\Mathstrutbox@=\box26
\strutbox@=\box27
\big@size=\dimen107
LaTeX Font Info:    Redeclaring font encoding OML on input line 566.
LaTeX Font Info:    Redeclaring font encoding OMS on input line 567.
\macc@depth=\count93
\c@MaxMatrixCols=\count94
\dotsspace@=\muskip10
\c@parentequation=\count95
\dspbrk@lvl=\count96
\tag@help=\toks15
\row@=\count97
\column@=\count98
\maxfields@=\count99
\andhelp@=\toks16
\eqnshift@=\dimen108
\alignsep@=\dimen109
\tagshift@=\dimen110
\tagwidth@=\dimen111
\totwidth@=\dimen112
\lineht@=\dimen113
\@envbody=\toks17
\multlinegap=\skip53
\multlinetaggap=\skip54
\mathdisplay@stack=\toks18
LaTeX Info: Redefining \[ on input line 2665.
LaTeX Info: Redefining \] on input line 2666.
)
(/usr/share/texlive/texmf-dist/tex/latex/amsfonts/amsfonts.sty
Package: amsfonts 2013/01/14 v3.01 Basic AMSFonts support
\symAMSa=\mathgroup4
\symAMSb=\mathgroup5
LaTeX Font Info:    Overwriting math alphabet `\mathfrak' in version `bold'
(Font)                  U/euf/m/n --> U/euf/b/n on input line 106.
)
(/usr/share/texlive/texmf-dist/tex/latex/amsfonts/amssymb.sty
Package: amssymb 2013/01/14 v3.01 AMS font symbols
)
(/usr/share/texlive/texmf-dist/tex/latex/amsmath/amscd.sty
Package: amscd 1999/11/29 v2.0
\athelp@=\toks19
\minaw@=\dimen114
\bigaw@=\dimen115
\minCDarrowwidth=\dimen116
)
(/usr/share/texlive/texmf-dist/tex/latex/amscls/amsthm.sty
Package: amsthm 2004/08/06 v2.20
\thm@style=\toks20
\thm@bodyfont=\toks21
\thm@headfont=\toks22
\thm@notefont=\toks23
\thm@headpunct=\toks24
\thm@preskip=\skip55
\thm@postskip=\skip56
\thm@headsep=\skip57
\dth@everypar=\toks25
)
(/usr/share/texlive/texmf-dist/tex/latex/tools/xspace.sty
Package: xspace 2009/10/20 v1.13 Space after command names (DPC,MH)
)
\c@example=\count100
\c@theorem=\count101

(/usr/share/texlive/texmf-dist/tex/latex/caption/caption.sty
Package: caption 2013/05/02 v3.3-89 Customizing captions (AR)

(/usr/share/texlive/texmf-dist/tex/latex/caption/caption3.sty
Package: caption3 2013/05/02 v1.6-88 caption3 kernel (AR)
Package caption3 Info: TeX engine: e-TeX on input line 57.

(/usr/share/texlive/texmf-dist/tex/latex/graphics/keyval.sty
Package: keyval 1999/03/16 v1.13 key=value parser (DPC)
\KV@toks@=\toks26
)
\captionmargin=\dimen117
\captionmargin@=\dimen118
\captionwidth=\dimen119
\caption@tempdima=\dimen120
\caption@indent=\dimen121
\caption@parindent=\dimen122
\caption@hangindent=\dimen123
)
\c@ContinuedFloat=\count102
)
(/usr/share/texlive/texmf-dist/tex/latex/graphics/graphicx.sty
Package: graphicx 1999/02/16 v1.0f Enhanced LaTeX Graphics (DPC,SPQR)

(/usr/share/texlive/texmf-dist/tex/latex/graphics/graphics.sty
Package: graphics 2009/02/05 v1.0o Standard LaTeX Graphics (DPC,SPQR)

(/usr/share/texlive/texmf-dist/tex/latex/graphics/trig.sty
Package: trig 1999/03/16 v1.09 sin cos tan (DPC)
)
(/usr/share/texlive/texmf-dist/tex/latex/latexconfig/graphics.cfg
File: graphics.cfg 2010/04/23 v1.9 graphics configuration of TeX Live
)
Package graphics Info: Driver file: pdftex.def on input line 91.

(/usr/share/texlive/texmf-dist/tex/latex/pdftex-def/pdftex.def
File: pdftex.def 2011/05/27 v0.06d Graphics/color for pdfTeX

(/usr/share/texlive/texmf-dist/tex/generic/oberdiek/infwarerr.sty
Package: infwarerr 2010/04/08 v1.3 Providing info/warning/error messages (HO)
)
(/usr/share/texlive/texmf-dist/tex/generic/oberdiek/ltxcmds.sty
Package: ltxcmds 2011/11/09 v1.22 LaTeX kernel commands for general use (HO)
)
\Gread@gobject=\count103
))
\Gin@req@height=\dimen124
\Gin@req@width=\dimen125
)
(/usr/share/texlive/texmf-dist/tex/latex/oberdiek/epstopdf.sty
Package: epstopdf 2010/02/09 v2.5 Conversion with epstopdf on the fly (HO)

(/usr/share/texlive/texmf-dist/tex/latex/oberdiek/epstopdf-base.sty
Package: epstopdf-base 2010/02/09 v2.5 Base part for package epstopdf

(/usr/share/texlive/texmf-dist/tex/latex/oberdiek/grfext.sty
Package: grfext 2010/08/19 v1.1 Manage graphics extensions (HO)

(/usr/share/texlive/texmf-dist/tex/generic/oberdiek/kvdefinekeys.sty
Package: kvdefinekeys 2011/04/07 v1.3 Define keys (HO)
))
(/usr/share/texlive/texmf-dist/tex/latex/oberdiek/kvoptions.sty
Package: kvoptions 2011/06/30 v3.11 Key value format for package options (HO)

(/usr/share/texlive/texmf-dist/tex/generic/oberdiek/kvsetkeys.sty
Package: kvsetkeys 2012/04/25 v1.16 Key value parser (HO)

(/usr/share/texlive/texmf-dist/tex/generic/oberdiek/etexcmds.sty
Package: etexcmds 2011/02/16 v1.5 Avoid name clashes with e-TeX commands (HO)

(/usr/share/texlive/texmf-dist/tex/generic/oberdiek/ifluatex.sty
Package: ifluatex 2010/03/01 v1.3 Provides the ifluatex switch (HO)
Package ifluatex Info: LuaTeX not detected.
)
Package etexcmds Info: Could not find \expanded.
(etexcmds)             That can mean that you are not using pdfTeX 1.50 or
(etexcmds)             that some package has redefined \expanded.
(etexcmds)             In the latter case, load this package earlier.
)))
(/usr/share/texlive/texmf-dist/tex/generic/oberdiek/pdftexcmds.sty
Package: pdftexcmds 2011/11/29 v0.20 Utility functions of pdfTeX for LuaTeX (HO
)

(/usr/share/texlive/texmf-dist/tex/generic/oberdiek/ifpdf.sty
Package: ifpdf 2011/01/30 v2.3 Provides the ifpdf switch (HO)
Package ifpdf Info: pdfTeX in PDF mode is detected.
)
Package pdftexcmds Info: LuaTeX not detected.
Package pdftexcmds Info: \pdf@primitive is available.
Package pdftexcmds Info: \pdf@ifprimitive is available.
Package pdftexcmds Info: \pdfdraftmode found.
)
Package grfext Info: Graphics extension search list:
(grfext)             [.png,.pdf,.jpg,.mps,.jpeg,.jbig2,.jb2,.PNG,.PDF,.JPG,.JPE
G,.JBIG2,.JB2,.eps]
(grfext)             \AppendGraphicsExtensions on input line 452.

(/usr/share/texlive/texmf-dist/tex/latex/latexconfig/epstopdf-sys.cfg
File: epstopdf-sys.cfg 2010/07/13 v1.3 Configuration of (r)epstopdf for TeX Liv
e
)))
(/usr/share/texlive/texmf-dist/tex/latex/subfigure/subfigure.sty
Package: subfigure 2002/03/15 v2.1.5 subfigure package
\subfigtopskip=\skip58
\subfigcapskip=\skip59
\subfigcaptopadj=\dimen126
\subfigbottomskip=\skip60
\subfigcapmargin=\dimen127
\subfiglabelskip=\skip61
\c@subfigure=\count104
\c@lofdepth=\count105
\c@subtable=\count106
\c@lotdepth=\count107

****************************************
* Local config file subfigure.cfg used *
****************************************
(/usr/share/texlive/texmf-dist/tex/latex/subfigure/subfigure.cfg)
\subfig@top=\skip62
\subfig@bottom=\skip63
)
(/usr/share/texlive/texmf-dist/tex/latex/booktabs/booktabs.sty
Package: booktabs 2005/04/14 v1.61803 publication quality tables
\heavyrulewidth=\dimen128
\lightrulewidth=\dimen129
\cmidrulewidth=\dimen130
\belowrulesep=\dimen131
\belowbottomsep=\dimen132
\aboverulesep=\dimen133
\abovetopsep=\dimen134
\cmidrulesep=\dimen135
\cmidrulekern=\dimen136
\defaultaddspace=\dimen137
\@cmidla=\count108
\@cmidlb=\count109
\@aboverulesep=\dimen138
\@belowrulesep=\dimen139
\@thisruleclass=\count110
\@lastruleclass=\count111
\@thisrulewidth=\dimen140
)
(/usr/share/texlive/texmf-dist/tex/latex/rotating/rotating.sty
Package: rotating 2009/03/28 v2.16a rotated objects in LaTeX

(/usr/share/texlive/texmf-dist/tex/latex/base/ifthen.sty
Package: ifthen 2001/05/26 v1.1c Standard LaTeX ifthen package (DPC)
)
\c@r@tfl@t=\count112
\rotFPtop=\skip64
\rotFPbot=\skip65
\rot@float@box=\box28
\rot@mess@toks=\toks27
)
(/usr/share/texlive/texmf-dist/tex/latex/listings/listings.sty
\lst@mode=\count113
\lst@gtempboxa=\box29
\lst@token=\toks28
\lst@length=\count114
\lst@currlwidth=\dimen141
\lst@column=\count115
\lst@pos=\count116
\lst@lostspace=\dimen142
\lst@width=\dimen143
\lst@newlines=\count117
\lst@lineno=\count118
\lst@maxwidth=\dimen144

(/usr/share/texlive/texmf-dist/tex/latex/listings/lstmisc.sty
File: lstmisc.sty 2013/08/26 1.5b (Carsten Heinz)
\c@lstnumber=\count119
\lst@skipnumbers=\count120
\lst@framebox=\box30
)
(/usr/share/texlive/texmf-dist/tex/latex/listings/listings.cfg
File: listings.cfg 2013/08/26 1.5b listings configuration
))
Package: listings 2013/08/26 1.5b (Carsten Heinz)

(/usr/share/texlive/texmf-dist/tex/latex/xifthen/xifthen.sty
Package: xifthen 2009/04/17 v1.3 Extended ifthen features

(/usr/share/texlive/texmf-dist/tex/latex/etex-pkg/etex.sty
Package: etex 1998/03/26 v2.0 eTeX basic definition package (PEB)
\et@xins=\count121
)
(/usr/share/texlive/texmf-dist/tex/latex/tools/calc.sty
Package: calc 2007/08/22 v4.3 Infix arithmetic (KKT,FJ)
\calc@Acount=\count122
\calc@Bcount=\count123
\calc@Adimen=\dimen145
\calc@Bdimen=\dimen146
\calc@Askip=\skip66
\calc@Bskip=\skip67
LaTeX Info: Redefining \setlength on input line 76.
LaTeX Info: Redefining \addtolength on input line 77.
\calc@Ccount=\count124
\calc@Cskip=\skip68
)
(/usr/share/texlive/texmf-dist/tex/latex/ifmtarg/ifmtarg.sty
Package: ifmtarg 2009/09/02 v1.2a check for an empty argument
))
(/usr/share/texlive/texmf-dist/tex/latex/hyperref/hyperref.sty
Package: hyperref 2012/11/06 v6.83m Hypertext links for LaTeX

(/usr/share/texlive/texmf-dist/tex/generic/oberdiek/hobsub-hyperref.sty
Package: hobsub-hyperref 2012/05/28 v1.13 Bundle oberdiek, subset hyperref (HO)


(/usr/share/texlive/texmf-dist/tex/generic/oberdiek/hobsub-generic.sty
Package: hobsub-generic 2012/05/28 v1.13 Bundle oberdiek, subset generic (HO)
Package: hobsub 2012/05/28 v1.13 Construct package bundles (HO)
Package hobsub Info: Skipping package `infwarerr' (already loaded).
Package hobsub Info: Skipping package `ltxcmds' (already loaded).
Package hobsub Info: Skipping package `ifluatex' (already loaded).
Package: ifvtex 2010/03/01 v1.5 Detect VTeX and its facilities (HO)
Package ifvtex Info: VTeX not detected.
Package: intcalc 2007/09/27 v1.1 Expandable calculations with integers (HO)
Package hobsub Info: Skipping package `ifpdf' (already loaded).
Package hobsub Info: Skipping package `etexcmds' (already loaded).
Package hobsub Info: Skipping package `kvsetkeys' (already loaded).
Package hobsub Info: Skipping package `kvdefinekeys' (already loaded).
Package hobsub Info: Skipping package `pdftexcmds' (already loaded).
Package: pdfescape 2011/11/25 v1.13 Implements pdfTeX's escape features (HO)
Package: bigintcalc 2012/04/08 v1.3 Expandable calculations on big integers (HO
)
Package: bitset 2011/01/30 v1.1 Handle bit-vector datatype (HO)
Package: uniquecounter 2011/01/30 v1.2 Provide unlimited unique counter (HO)
)
Package hobsub Info: Skipping package `hobsub' (already loaded).
Package: letltxmacro 2010/09/02 v1.4 Let assignment for LaTeX macros (HO)
Package: hopatch 2012/05/28 v1.2 Wrapper for package hooks (HO)
Package: xcolor-patch 2011/01/30 xcolor patch
Package: atveryend 2011/06/30 v1.8 Hooks at the very end of document (HO)
Package atveryend Info: \enddocument detected (standard20110627).
Package: atbegshi 2011/10/05 v1.16 At begin shipout hook (HO)
Package: refcount 2011/10/16 v3.4 Data extraction from label references (HO)
Package: hycolor 2011/01/30 v1.7 Color options for hyperref/bookmark (HO)
)
(/usr/share/texlive/texmf-dist/tex/generic/ifxetex/ifxetex.sty
Package: ifxetex 2010/09/12 v0.6 Provides ifxetex conditional
)
(/usr/share/texlive/texmf-dist/tex/latex/oberdiek/auxhook.sty
Package: auxhook 2011/03/04 v1.3 Hooks for auxiliary files (HO)
)
\@linkdim=\dimen147
\Hy@linkcounter=\count125
\Hy@pagecounter=\count126

(/usr/share/texlive/texmf-dist/tex/latex/hyperref/pd1enc.def
File: pd1enc.def 2012/11/06 v6.83m Hyperref: PDFDocEncoding definition (HO)
)
\Hy@SavedSpaceFactor=\count127

(/usr/share/texlive/texmf-dist/tex/latex/latexconfig/hyperref.cfg
File: hyperref.cfg 2002/06/06 v1.2 hyperref configuration of TeXLive
)
Package hyperref Info: Option `bookmarks' set `true' on input line 4319.
Package hyperref Info: Option `bookmarksopen' set `true' on input line 4319.
Package hyperref Info: Option `bookmarksnumbered' set `true' on input line 4319
.
Package hyperref Info: Option `hypertexnames' set `false' on input line 4319.
Package hyperref Info: Option `colorlinks' set `true' on input line 4319.
Package hyperref Info: Option `unicode' set `true' on input line 4319.

(/usr/share/texlive/texmf-dist/tex/latex/hyperref/puenc.def
File: puenc.def 2012/11/06 v6.83m Hyperref: PDF Unicode definition (HO)
)
Package hyperref Info: Option `breaklinks' set `true' on input line 4319.
Package hyperref Info: Hyper figures OFF on input line 4443.
Package hyperref Info: Link nesting OFF on input line 4448.
Package hyperref Info: Hyper index ON on input line 4451.
Package hyperref Info: Plain pages OFF on input line 4458.
Package hyperref Info: Backreferencing OFF on input line 4463.
Package hyperref Info: Implicit mode ON; LaTeX internals redefined.
Package hyperref Info: Bookmarks ON on input line 4688.
\c@Hy@tempcnt=\count128

(/usr/share/texlive/texmf-dist/tex/latex/url/url.sty
\Urlmuskip=\muskip11
Package: url 2013/09/16  ver 3.4  Verb mode for urls, etc.
)
LaTeX Info: Redefining \url on input line 5041.
\XeTeXLinkMargin=\dimen148
\Fld@menulength=\count129
\Field@Width=\dimen149
\Fld@charsize=\dimen150
Package hyperref Info: Hyper figures OFF on input line 6295.
Package hyperref Info: Link nesting OFF on input line 6300.
Package hyperref Info: Hyper index ON on input line 6303.
Package hyperref Info: backreferencing OFF on input line 6310.
Package hyperref Info: Link coloring ON on input line 6313.
Package hyperref Info: Link coloring with OCG OFF on input line 6320.
Package hyperref Info: PDF/A mode OFF on input line 6325.
LaTeX Info: Redefining \ref on input line 6365.
LaTeX Info: Redefining \pageref on input line 6369.
\Hy@abspage=\count130
\c@Item=\count131
\c@Hfootnote=\count132
)

Package hyperref Message: Driver (autodetected): hpdftex.

(/usr/share/texlive/texmf-dist/tex/latex/hyperref/hpdftex.def
File: hpdftex.def 2012/11/06 v6.83m Hyperref driver for pdfTeX
\Fld@listcount=\count133
\c@bookmark@seq@number=\count134

(/usr/share/texlive/texmf-dist/tex/latex/oberdiek/rerunfilecheck.sty
Package: rerunfilecheck 2011/04/15 v1.7 Rerun checks for auxiliary files (HO)
Package uniquecounter Info: New unique counter `rerunfilecheck' on input line 2
82.
)
\Hy@SectionHShift=\skip69
)
\c@dummy=\count135

(/usr/share/texlive/texmf-dist/tex/latex/tools/longtable.sty
Package: longtable 2004/02/01 v4.11 Multi-page Table package (DPC)
\LTleft=\skip70
\LTright=\skip71
\LTpre=\skip72
\LTpost=\skip73
\LTchunksize=\count136
\LTcapwidth=\dimen151
\LT@head=\box31
\LT@firsthead=\box32
\LT@foot=\box33
\LT@lastfoot=\box34
\LT@cols=\count137
\LT@rows=\count138
\c@LT@tables=\count139
\c@LT@chunks=\count140
\LT@p@ftn=\toks29
))
(/usr/share/texlive/texmf-dist/tex/latex/natbib/natbib.sty
Package: natbib 2010/09/13 8.31b (PWD, AO)
\bibhang=\skip74
\bibsep=\skip75
LaTeX Info: Redefining \cite on input line 694.
\c@NAT@ctr=\count141
) (./Definitions.tex
\c@address=\count142
\c@alg=\count143
) (./Thesis.aux (./Introduction.aux) (./Evol.aux) (./PSN.aux) (./Analysis.aux)
(./Conclusions.aux) (./AppendixA.aux))
\openout1 = `Thesis.aux'.

LaTeX Font Info:    Checking defaults for OML/cmm/m/it on input line 11.
LaTeX Font Info:    ... okay on input line 11.
LaTeX Font Info:    Checking defaults for T1/cmr/m/n on input line 11.
LaTeX Font Info:    ... okay on input line 11.
LaTeX Font Info:    Checking defaults for OT1/cmr/m/n on input line 11.
LaTeX Font Info:    ... okay on input line 11.
LaTeX Font Info:    Checking defaults for OMS/cmsy/m/n on input line 11.
LaTeX Font Info:    ... okay on input line 11.
LaTeX Font Info:    Checking defaults for OMX/cmex/m/n on input line 11.
LaTeX Font Info:    ... okay on input line 11.
LaTeX Font Info:    Checking defaults for U/cmr/m/n on input line 11.
LaTeX Font Info:    ... okay on input line 11.
LaTeX Font Info:    Checking defaults for PD1/pdf/m/n on input line 11.
LaTeX Font Info:    ... okay on input line 11.
LaTeX Font Info:    Checking defaults for PU/pdf/m/n on input line 11.
LaTeX Font Info:    ... okay on input line 11.
Package caption Info: Begin \AtBeginDocument code.
Package caption Info: hyperref package is loaded.
Package caption Info: listings package is loaded.
Package caption Info: longtable package is loaded.

(/usr/share/texlive/texmf-dist/tex/latex/caption/ltcaption.sty
Package: ltcaption 2013/02/03 v1.3-62 longtable captions (AR)
)
Package caption Info: rotating package is loaded.
Package caption Info: subfigure package is loaded.
Package caption Info: End \AtBeginDocument code.

(/usr/share/texlive/texmf-dist/tex/context/base/supp-pdf.mkii
[Loading MPS to PDF converter (version 2006.09.02).]
\scratchcounter=\count144
\scratchdimen=\dimen152
\scratchbox=\box35
\nofMPsegments=\count145
\nofMParguments=\count146
\everyMPshowfont=\toks30
\MPscratchCnt=\count147
\MPscratchDim=\dimen153
\MPnumerator=\count148
\makeMPintoPDFobject=\count149
\everyMPtoPDFconversion=\toks31
)
\c@lstlisting=\count150
\AtBeginShipoutBox=\box36
 (/usr/share/texlive/texmf-dist/tex/latex/graphics/color.sty
Package: color 2005/11/14 v1.0j Standard LaTeX Color (DPC)

(/usr/share/texlive/texmf-dist/tex/latex/latexconfig/color.cfg
File: color.cfg 2007/01/18 v1.5 color configuration of teTeX/TeXLive
)
Package color Info: Driver file: pdftex.def on input line 130.
)
Package hyperref Info: Link coloring ON on input line 11.

(/usr/share/texlive/texmf-dist/tex/latex/hyperref/nameref.sty
Package: nameref 2012/10/27 v2.43 Cross-referencing by name of section

(/usr/share/texlive/texmf-dist/tex/generic/oberdiek/gettitlestring.sty
Package: gettitlestring 2010/12/03 v1.4 Cleanup title references (HO)
)
\c@section@level=\count151
)
LaTeX Info: Redefining \ref on input line 11.
LaTeX Info: Redefining \pageref on input line 11.
LaTeX Info: Redefining \nameref on input line 11.

(./Thesis.out) (./Thesis.out)
\@outlinefile=\write3
\openout3 = `Thesis.out'.


------------------------------------------------------------------------------
 Title Page
------------------------------------------------------------------------------
[1



{/var/lib/texmf/fonts/map/pdftex/updmap/pdftex.map}] [2

]
------------------------------------------------------------------------------
 Abstract Page
------------------------------------------------------------------------------
LaTeX Font Info:    Try loading font information for U+msa on input line 27.
(/usr/share/texlive/texmf-dist/tex/latex/amsfonts/umsa.fd
File: umsa.fd 2013/01/14 v3.01 AMS symbols A
)
LaTeX Font Info:    Try loading font information for U+msb on input line 27.

(/usr/share/texlive/texmf-dist/tex/latex/amsfonts/umsb.fd
File: umsb.fd 2013/01/14 v3.01 AMS symbols B
) [3] [4

]
------------------------------------------------------------------------------
 Table of Contents
------------------------------------------------------------------------------
(./Thesis.toc [5

] [6])
\tf@toc=\write4
\openout4 = `Thesis.toc'.

 [7] [8

]
------------------------------------------------------------------------------
 List of Figures
------------------------------------------------------------------------------
(./Thesis.lof

Package natbib Warning: Citation `Albors2008' on page ix undefined on input lin
e 3.


Package natbib Warning: Citation `hurst2007' on page ix undefined on input line
 4.

)
\tf@lof=\write5
\openout5 = `Thesis.lof'.

 [9

] [10

]
------------------------------------------------------------------------------
 List of Tables
------------------------------------------------------------------------------
(./Thesis.lot
Missing character: There is no Õ in font cmr10!
)
\tf@lot=\write6
\openout6 = `Thesis.lot'.

 [11

] [12

]
------------------------------------------------------------------------------
 Acknowledgements
------------------------------------------------------------------------------
[13] [14

]
------------------------------------------------------------------------------
 Nomenclature
------------------------------------------------------------------------------
[15

] [16

]
\openout2 = `Introduction.aux'.

 (./Introduction.tex
! You can't use `macro parameter character #' in horizontal mode.
l.1 ...														1`11q	 X 6GGYY5T4RTTT NMM./]#
                                                  
Sorry, but I'm not programmed to handle this case;
I'll just pretend that you didn't ask for it.
If you're in the wrong mode, you might be able to
return to the right one by typing `I}' or `I$' or `I\par'.

[1


] [2

]
Chapter 1.
------------------------------------------------------------------------------
 1 Introduction
------------------------------------------------------------------------------

Package natbib Warning: Citation `fitzpatrick2007' on page 3 undefined on input
 line 16.

[3]

Package natbib Warning: Citation `berners2001semantic' on page 4 undefined on i
nput line 20.

[4]

Package natbib Warning: Citation `glaser2007coreference' on page 5 undefined on
 input line 43.

[5]

Package natbib Warning: Citation `mika2005flink' on page 6 undefined on input l
ine 59.


Package natbib Warning: Citation `milne2012open' on page 6 undefined on input l
ine 64.


Package natbib Warning: Citation `Glaser2009' on page 6 undefined on input line
 64.

[6]) [7]
\openout2 = `Evol.aux'.

 (./Evol.tex [8



]
Chapter 2.
------------------------------------------------------------------------------
 2 Evolution of Collective Intelligence and Social Network in Web
------------------------------------------------------------------------------

Package natbib Warning: Citation `segaller1999nerds' on page 9 undefined on inp
ut line 8.


Package natbib Warning: Citation `internetsats' on page 9 undefined on input li
ne 10.

[9]

Package natbib Warning: Citation `stenmark2002information' on page 10 undefined
 on input line 22.


Package natbib Warning: Citation `Albors2008' on page 10 undefined on input lin
e 26.

[10] <bernard.png, id=655, 397.485pt x 250.0542pt>
File: bernard.png Graphic file (type png)
 <use bernard.png>
Package pdftex.def Info: bernard.png used on input line 31.
(pdftex.def)             Requested size: 426.79134pt x 268.49776pt.

Overfull \hbox (9.31827pt too wide) in paragraph at lines 31--32
 [][] 
 []


Package natbib Warning: Citation `Albors2008' on page 11 undefined on input lin
e 32.


Package natbib Warning: Citation `Albors2008' on page 11 undefined on input lin
e 32.

Missing character: There is no Õ in font cmr10!

Package natbib Warning: Citation `nm2011' on page 11 undefined on input line 45
.

[11 <./bernard.png>] <blog.png, id=668, 326.6604pt x 232.7094pt>
File: blog.png Graphic file (type png)

<use blog.png>
Package pdftex.def Info: blog.png used on input line 51.
(pdftex.def)             Requested size: 426.79134pt x 304.04193pt.

Overfull \hbox (9.31827pt too wide) in paragraph at lines 51--52
 [][] 
 []


Package natbib Warning: Citation `hurst2007' on page 12 undefined on input line
 52.


Package natbib Warning: Citation `hurst2007' on page 12 undefined on input line
 52.

[12 <./blog.png>]

Package natbib Warning: Citation `ridings2004virtual' on page 13 undefined on i
nput line 60.


Package natbib Warning: Citation `Whitelaw2011' on page 13 undefined on input l
ine 68.

[13] [14]
Missing character: There is no Õ in font cmr10!


Package natbib Warning: Citation `adamic2008knowledge' on page 15 undefined on 
input line 100.

Missing character: There is no Õ in font cmr10!
[15]

Package natbib Warning: Citation `vonAhn2004' on page 16 undefined on input lin
e 108.


Package natbib Warning: Citation `von2006games' on page 16 undefined on input l
ine 108.


Package natbib Warning: Citation `vonAhn2003' on page 16 undefined on input lin
e 108.


Package natbib Warning: Citation `von2009human' on page 16 undefined on input l
ine 110.


Package natbib Warning: Citation `berners2001semantic' on page 16 undefined on 
input line 114.


Package natbib Warning: Citation `shadbolt2006semantic' on page 16 undefined on
 input line 116.

[16]

Package natbib Warning: Citation `brickley2010foaf' on page 17 undefined on inp
ut line 124.


Package natbib Warning: Citation `bojars2008interlinking' on page 17 undefined 
on input line 126.


Package natbib Warning: Citation `bojars2008weaving' on page 17 undefined on in
put line 128.

<foaf.png, id=721, 416.757pt x 225.4824pt>
File: foaf.png Graphic file (type png)
 <use foaf.png>
Package pdftex.def Info: foaf.png used on input line 132.
(pdftex.def)             Requested size: 426.79134pt x 230.9145pt.

Overfull \hbox (9.31827pt too wide) in paragraph at lines 132--133
 [][] 
 []

Missing character: There is no Õ in font cmr10!
Missing character: There is no Õ in font cmr10!

Package natbib Warning: Citation `breslin2005towards' on page 17 undefined on i
nput line 139.


Package natbib Warning: Citation `breslin2007future' on page 17 undefined on in
put line 143.

[17]

Package natbib Warning: Citation `Gruber2008' on page 18 undefined on input lin
e 153.

[18 <./foaf.png>]
Missing character: There is no Ò in font cmr10!
Missing character: There is no Ó in font cmr10!
Missing character: There is no Õ in font cmr10!


Package natbib Warning: Citation `garcia2009preliminary' on page 19 undefined o
n input line 159.


Package natbib Warning: Citation `correndo2007survey' on page 19 undefined on i
nput line 159.

Missing character: There is no Ò in font cmr10!
Missing character: There is no Ó in font cmr10!
Missing character: There is no Ò in font cmr10!
Missing character: There is no Ó in font cmr10!

Package natbib Warning: Citation `bojars2008interlinking' on page 19 undefined 
on input line 165.


Package natbib Warning: Citation `chin2006social' on page 19 undefined on input
 line 169.


Package natbib Warning: Citation `rowe2009interlinking' on page 19 undefined on
 input line 173.

Missing character: There is no Ô in font cmr10!
Missing character: There is no Õ in font cmr10!
[19]
Missing character: There is no Õ in font cmr10!


Package natbib Warning: Citation `millard2010consuming' on page 20 undefined on
 input line 175.


Package natbib Warning: Citation `chi2009augmented' on page 20 undefined on inp
ut line 179.


Package natbib Warning: Citation `Albors2008' on page 20 undefined on input lin
e 181.

) [20]
\openout2 = `PSN.aux'.

 (./PSN.tex
Chapter 3.
------------------------------------------------------------------------------
 3 Purposive Social Network and Community Formation
------------------------------------------------------------------------------
Missing character: There is no Õ in font cmr10!

Package natbib Warning: Citation `backstrom2006group' on page 21 undefined on i
nput line 18.


Package natbib Warning: Citation `tantipathananandh2007' on page 21 undefined o
n input line 22.

[21



]

Package natbib Warning: Citation `newman2004detecting' on page 22 undefined on 
input line 26.


Package natbib Warning: Citation `smith2008social' on page 22 undefined on inpu
t line 30.

Missing character: There is no Õ in font cmr10!

Package natbib Warning: Citation `monge2003theories' on page 22 undefined on in
put line 38.


Package natbib Warning: Citation `flake2002self' on page 22 undefined on input 
line 42.

[22]

Package natbib Warning: Citation `ridings2004virtual' on page 23 undefined on i
nput line 50.

[23]

Package natbib Warning: Citation `evans2008towards' on page 24 undefined on inp
ut line 64.


Package natbib Warning: Citation `garton1997studying' on page 24 undefined on i
nput line 68.

Missing character: There is no Õ in font cmr10!

Package natbib Warning: Citation `katz2004network' on page 24 undefined on inpu
t line 74.

[24]

Package natbib Warning: Citation `treude2011programmers' on page 25 undefined o
n input line 102.

[25]

Package natbib Warning: Citation `doan2011crowdsourcing' on page 26 undefined o
n input line 108.


Package natbib Warning: Citation `vonAhn2004' on page 26 undefined on input lin
e 114.


Package natbib Warning: Citation `richardson2003building' on page 26 undefined 
on input line 116.

[26]

Package natbib Warning: Citation `ghosh2011incentivizing' on page 27 undefined 
on input line 118.


Package natbib Warning: Citation `singh2009motivating' on page 27 undefined on 
input line 120.


Package natbib Warning: Citation `jain2009designing' on page 27 undefined on in
put line 122.


Package natbib Warning: Citation `kleinberg1999authoritative' on page 27 undefi
ned on input line 126.

Missing character: There is no Õ in font cmr10!

Package natbib Warning: Citation `jain2009role' on page 27 undefined on input l
ine 128.


Package natbib Warning: Citation `ghosh2011game' on page 27 undefined on input 
line 130.

[27]

Package natbib Warning: Citation `agichtein2008finding' on page 28 undefined on
 input line 132.


Package natbib Warning: Citation `page1999pagerank' on page 28 undefined on inp
ut line 138.


Package natbib Warning: Citation `bian2008finding' on page 28 undefined on inpu
t line 138.

Missing character: There is no Õ in font cmr10!
Missing character: There is no Õ in font cmr10!
Missing character: There is no Õ in font cmr10!
[28]
Missing character: There is no Õ in font cmr10!


Package natbib Warning: Citation `prud2008sparql' on page 29 undefined on input
 line 165.

[29]) [30]
\openout2 = `Analysis.aux'.

 (./Analysis.tex
Chapter 4.
------------------------------------------------------------------------------
 4 Analysis of Purposive Social Network
------------------------------------------------------------------------------
Missing character: There is no Õ in font cmr10!

Package natbib Warning: Citation `monge2003theories' on page 31 undefined on in
put line 16.

[31



] <qa.png, id=823, 471.2004pt x 272.217pt>
File: qa.png Graphic file (type png)
 <use qa.png>
Package pdftex.def Info: qa.png used on input line 42.
(pdftex.def)             Requested size: 426.79134pt x 246.56726pt.

Overfull \hbox (9.31827pt too wide) in paragraph at lines 42--43
 [][] 
 []

<chart1.png, id=825, 602.25pt x 200.75pt>
File: chart1.png Graphic file (type png)
 <use chart1.png>
Package pdftex.def Info: chart1.png used on input line 53.
(pdftex.def)             Requested size: 426.79134pt x 142.27005pt.

Overfull \hbox (9.31827pt too wide) in paragraph at lines 53--54
 [][] 
 []

<chart2.png, id=826, 602.25pt x 200.75pt>
File: chart2.png Graphic file (type png)
 <use chart2.png>
Package pdftex.def Info: chart2.png used on input line 62.
(pdftex.def)             Requested size: 426.79134pt x 142.27005pt.

Overfull \hbox (9.31827pt too wide) in paragraph at lines 62--63
 [][] 
 []

[32 <./qa.png>] <chart3.png, id=832, 602.25pt x 200.75pt>
File: chart3.png Graphic file (type png)
 <use chart3.png>
Package pdftex.def Info: chart3.png used on input line 87.
(pdftex.def)             Requested size: 426.79134pt x 142.27005pt.

Overfull \hbox (9.31827pt too wide) in paragraph at lines 87--88
 [][] 
 []

[33 <./chart1.png> <./chart2.png>]

Package natbib Warning: Citation `Eberhardt2012' on page 34 undefined on input 
line 94.

<graph1.png, id=838, 549.05125pt x 482.80376pt>
File: graph1.png Graphic file (type png)
 <use graph1.png>
Package pdftex.def Info: graph1.png used on input line 98.
(pdftex.def)             Requested size: 312.9803pt x 275.2231pt.

<graph2.png, id=839, 560.0925pt x 495.8525pt>
File: graph2.png Graphic file (type png)
 <use graph2.png>
Package pdftex.def Info: graph2.png used on input line 105.
(pdftex.def)             Requested size: 312.9803pt x 277.09291pt.
 [34 <./chart3.png> <./graph1.png>] <chart4.png, id=844, 602.25pt x 200.75pt>
File: chart4.png Graphic file (type png)
 <use chart4.png>
Package pdftex.def Info: chart4.png used on input line 121.
(pdftex.def)             Requested size: 426.79134pt x 142.27005pt.

Overfull \hbox (9.31827pt too wide) in paragraph at lines 121--122
 [][] 
 []

[35 <./graph2.png>] [36 <./chart4.png>]
<chart5.png, id=854, 602.25pt x 200.75pt>
File: chart5.png Graphic file (type png)
 <use chart5.png>
Package pdftex.def Info: chart5.png used on input line 156.
(pdftex.def)             Requested size: 426.79134pt x 142.27005pt.

Overfull \hbox (9.31827pt too wide) in paragraph at lines 156--157
 [][] 
 []

<chart6.png, id=855, 602.25pt x 200.75pt>
File: chart6.png Graphic file (type png)
 <use chart6.png>
Package pdftex.def Info: chart6.png used on input line 163.
(pdftex.def)             Requested size: 426.79134pt x 142.27005pt.

Overfull \hbox (9.31827pt too wide) in paragraph at lines 163--164
 [][] 
 []

Missing character: There is no Õ in font cmr10!
[37 <./chart5.png> <./chart6.png>]
Missing character: There is no Õ in font cmr10!
 <chart7.png, id=860, 602.25pt x 200.75pt>
File: chart7.png Graphic file (type png)

<use chart7.png>
Package pdftex.def Info: chart7.png used on input line 180.
(pdftex.def)             Requested size: 426.79134pt x 142.27005pt.

Overfull \hbox (9.31827pt too wide) in paragraph at lines 180--181
 [][] 
 []

Missing character: There is no Õ in font cmr10!
Missing character: There is no Õ in font cmr10!
[38 <./chart7.png>]
Overfull \hbox (25.17589pt too wide) in paragraph at lines 223--223
[]    \OT1/cmtt/m/n/10.95 <foaf:mbox_sha1sum> b437f461b3fd27387c5d8ab47a293d35 
</foaf:mbox_sha1sum>[] 
 []


Overfull \hbox (59.66801pt too wide) in paragraph at lines 260--260
[]\OT1/cmtt/m/n/10.95 <sioc:Post rdf:about=" http://stackoverflow.com/questions
/89228/calling-an-external[] 
 []


Overfull \hbox (42.42195pt too wide) in paragraph at lines 260--260
[]    \OT1/cmtt/m/n/10.95 <sioc:has_container rdf:resource=" http://stackoverfl
ow.com/questions/tagged[] 
 []


Overfull \hbox (65.4167pt too wide) in paragraph at lines 260--260
[]       \OT1/cmtt/m/n/10.95 <sioc:UserAccount rdf:about=" http://stackoverflow
.com/users/170339/bludger "[] 
 []


Overfull \hbox (30.92458pt too wide) in paragraph at lines 260--260
[]     \OT1/cmtt/m/n/10.95 <sioc:content>How can I call an external command in 
Python</sioc:content>[] 
 []


Overfull \hbox (19.4272pt too wide) in paragraph at lines 260--260
[]     \OT1/cmtt/m/n/10.95 <sioc:topic rdfs:label="python" rdf:resource=" http:
//stackoverflow.com[] 
 []

[39]
Overfull \hbox (25.17589pt too wide) in paragraph at lines 260--260
[]     \OT1/cmtt/m/n/10.95 <sioc:topic rdfs:label="command" rdf:resource=" http
://stackoverflow.com[] 
 []


Overfull \hbox (2.18114pt too wide) in paragraph at lines 260--260
[]        \OT1/cmtt/m/n/10.95 <sioc:Post rdf:about=" http://stackoverflow.com/a
/89243/1313327">[] 
 []


Overfull \hbox (76.91408pt too wide) in paragraph at lines 260--260
[]            \OT1/cmtt/m/n/10.95 <sioc:content>Look at the subprocess module i
n the stdlib: from subprocess[] 
 []


Overfull \hbox (94.16014pt too wide) in paragraph at lines 260--260
[]             \OT1/cmtt/m/n/10.95 import call call(["ls", "-l"]) The advantage
 of subprocess vs system is that[] 
 []


Overfull \hbox (94.16014pt too wide) in paragraph at lines 260--260
[]             \OT1/cmtt/m/n/10.95 it is more flexible (you can get the stdout,
 stderr, the "real" status code,[] 
 []


Overfull \hbox (99.90883pt too wide) in paragraph at lines 260--260
[]             \OT1/cmtt/m/n/10.95 better error handling, etc...). I think os.s
ystem is deprecated, too, or will[] 
 []


Overfull \hbox (94.16014pt too wide) in paragraph at lines 260--260
[]             \OT1/cmtt/m/n/10.95 be: http://docs.python.org/library/subproces
s.html#replacing-older-functions[] 
 []


Overfull \hbox (65.4167pt too wide) in paragraph at lines 260--260
[]             \OT1/cmtt/m/n/10.95 -with-the-subprocess-module For quick/dirty/
one time scripts, os.system[] 
 []


Overfull \hbox (53.91933pt too wide) in paragraph at lines 260--260
[]                \OT1/cmtt/m/n/10.95 <sioc:UserAccount rdf:about=" http://stac
koverflow.com/users/11465[] 
 []


Overfull \hbox (88.41145pt too wide) in paragraph at lines 260--260
[]                 \OT1/cmtt/m/n/10.95 /david-cournapeau" rdfs:label=" david-co
urnapeau "> </sioc:UserAccount>[] 
 []

<q.png, id=871, 585.18625pt x 303.1325pt>
File: q.png Graphic file (type png)
 <use q.png>
Package pdftex.def Info: q.png used on input line 275.
(pdftex.def)             Requested size: 398.33858pt x 206.3494pt.

<ans.png, id=872, 595.22375pt x 453.695pt>
File: ans.png Graphic file (type png)
 <use ans.png>
Package pdftex.def Info: ans.png used on input line 279.
(pdftex.def)             Requested size: 398.33858pt x 303.621pt.


Package natbib Warning: Citation `milne2012open' on page 40 undefined on input 
line 284.

[40] [41 <./q.png> <./ans.png>] [42] [43]
Overfull \hbox (27.31168pt too wide) in paragraph at lines 363--372
 [][] 
 []

) [44]
\openout2 = `Conclusions.aux'.

 (./Conclusions.tex
Chapter 5.
------------------------------------------------------------------------------
 5 Conclusions
------------------------------------------------------------------------------
[45



] <Slide2.jpg, id=903, 722.7pt x 542.025pt>
File: Slide2.jpg Graphic file (type jpg)
 <use Slide2.jpg>
Package pdftex.def Info: Slide2.jpg used on input line 32.
(pdftex.def)             Requested size: 426.79134pt x 320.09798pt.

Overfull \hbox (9.31827pt too wide) in paragraph at lines 32--33
 [][] 
 []

[46] <Slide1.jpg, id=910, 722.7pt x 542.025pt>
File: Slide1.jpg Graphic file (type jpg)
 <use Slide1.jpg>
Package pdftex.def Info: Slide1.jpg used on input line 43.
(pdftex.def)             Requested size: 426.79134pt x 320.09798pt.

Overfull \hbox (9.31827pt too wide) in paragraph at lines 43--44
 [][] 
 []

[47 <./Slide2.jpg>] [48 <./Slide1.jpg>]) [49]
\openout2 = `AppendixA.aux'.

 (./AppendixA.tex [50



]
Appendix A.
------------------------------------------------------------------------------
 A Appendix
------------------------------------------------------------------------------
<chart8.png, id=928, 602.25pt x 200.75pt>
File: chart8.png Graphic file (type png)
 <use chart8.png>
Package pdftex.def Info: chart8.png used on input line 16.
(pdftex.def)             Requested size: 426.79134pt x 142.27005pt.

Overfull \hbox (9.31827pt too wide) in paragraph at lines 16--17
 [][] 
 []

<chart9.png, id=929, 602.25pt x 200.75pt>
File: chart9.png Graphic file (type png)
 <use chart9.png>
Package pdftex.def Info: chart9.png used on input line 23.
(pdftex.def)             Requested size: 426.79134pt x 142.27005pt.

Overfull \hbox (9.31827pt too wide) in paragraph at lines 23--24
 [][] 
 []

) [51 <./chart8.png>] [52 <./chart9.png>]
------------------------------------------------------------------------------
 References
------------------------------------------------------------------------------
No file Thesis.bbl.

Package natbib Warning: There were undefined citations.

Package atveryend Info: Empty hook `BeforeClearDocument' on input line 82.
Package atveryend Info: Empty hook `AfterLastShipout' on input line 82.
(./Thesis.aux (./Introduction.aux) (./Evol.aux) (./PSN.aux) (./Analysis.aux)
(./Conclusions.aux) (./AppendixA.aux))
Package atveryend Info: Executing hook `AtVeryEndDocument' on input line 82.
Package atveryend Info: Executing hook `AtEndAfterFileList' on input line 82.
Package rerunfilecheck Info: File `Thesis.out' has not changed.
(rerunfilecheck)             Checksum: C8FF06BE337287283CC4953409684C65;19970.
Package atveryend Info: Empty hook `AtVeryVeryEnd' on input line 82.
 ) 
Here is how much of TeX's memory you used:
 13517 strings out of 494985
 189767 string characters out of 6180356
 264584 words of memory out of 5000000
 16266 multiletter control sequences out of 15000+600000
 13896 words of font info for 53 fonts, out of 8000000 for 9000
 36 hyphenation exceptions out of 8191
 49i,12n,45p,1048b,453s stack positions out of 5000i,500n,10000p,200000b,80000s
</usr/share/texlive/texmf-dist/fonts/type1/public/amsfonts/cm/cmbx10.pfb></us
r/share/texlive/texmf-dist/fonts/type1/public/amsfonts/cm/cmbx12.pfb></usr/shar
e/texlive/texmf-dist/fonts/type1/public/amsfonts/cm/cmr10.pfb></usr/share/texli
ve/texmf-dist/fonts/type1/public/amsfonts/cm/cmr12.pfb></usr/share/texlive/texm
f-dist/fonts/type1/public/amsfonts/cm/cmr6.pfb></usr/share/texlive/texmf-dist/f
onts/type1/public/amsfonts/cm/cmr8.pfb></usr/share/texlive/texmf-dist/fonts/typ
e1/public/amsfonts/cm/cmsl10.pfb></usr/share/texlive/texmf-dist/fonts/type1/pub
lic/amsfonts/cm/cmtt10.pfb></usr/share/texlive/texmf-dist/fonts/type1/public/am
sfonts/cm/cmtt9.pfb>
Output written on Thesis.pdf (68 pages, 1442268 bytes).
PDF statistics:
 1023 PDF objects out of 1200 (max. 8388607)
 911 compressed objects within 10 object streams
 224 named destinations out of 1000 (max. 500000)
 808 words of extra memory for PDF output out of 10000 (max. 10000000)

