\BOOKMARK [0][-]{dummy.4}{\376\377\000D\000e\000c\000l\000a\000r\000a\000t\000i\000o\000n\000\040\000o\000f\000\040\000A\000u\000t\000h\000o\000r\000s\000h\000i\000p}{}% 1
\BOOKMARK [0][-]{dummy.5}{\376\377\000A\000c\000k\000n\000o\000w\000l\000e\000d\000g\000e\000m\000e\000n\000t\000s}{}% 2
\BOOKMARK [0][-]{dummy.6}{\376\377\000N\000o\000m\000e\000n\000c\000l\000a\000t\000u\000r\000e}{}% 3
\BOOKMARK [0][-]{chapter.9}{\376\377\0001\000\040\000I\000n\000t\000r\000o\000d\000u\000c\000t\000i\000o\000n}{}% 4
\BOOKMARK [1][-]{section.10}{\376\377\0001\000.\0001\000\040\000O\000v\000e\000r\000v\000i\000e\000w}{chapter.9}% 5
\BOOKMARK [1][-]{section.11}{\376\377\0001\000.\0002\000\040\000R\000e\000s\000e\000a\000r\000c\000h\000\040\000C\000h\000a\000l\000l\000e\000n\000g\000e}{chapter.9}% 6
\BOOKMARK [1][-]{section.12}{\376\377\0001\000.\0003\000\040\000R\000e\000s\000e\000a\000r\000c\000h\000\040\000C\000o\000n\000t\000r\000i\000b\000u\000t\000i\000o\000n}{chapter.9}% 7
\BOOKMARK [1][-]{section.13}{\376\377\0001\000.\0004\000\040\000S\000t\000r\000u\000c\000t\000u\000r\000e\000\040\000o\000f\000\040\000t\000h\000e\000\040\000t\000h\000e\000s\000i\000s}{chapter.9}% 8
\BOOKMARK [0][-]{chapter.14}{\376\377\0002\000\040\000B\000a\000c\000k\000g\000r\000o\000u\000n\000d}{}% 9
\BOOKMARK [1][-]{section.15}{\376\377\0002\000.\0001\000\040\000E\000m\000e\000r\000g\000e\000n\000c\000e\000\040\000o\000f\000\040\000S\000o\000c\000i\000a\000l\000\040\000W\000e\000b}{chapter.14}% 10
\BOOKMARK [2][-]{subsection.16}{\376\377\0002\000.\0001\000.\0001\000\040\000W\000e\000b\000\040\0002\000.\0000\000\040\000a\000n\000d\000\040\000S\000o\000c\000i\000a\000l\000\040\000N\000e\000t\000w\000o\000r\000k\000s}{section.15}% 11
\BOOKMARK [2][-]{subsection.17}{\376\377\0002\000.\0001\000.\0002\000\040\000C\000o\000n\000t\000e\000n\000t\000-\000s\000p\000e\000c\000i\000f\000i\000c\000\040\000S\000o\000c\000i\000a\000l\000\040\000N\000e\000t\000w\000o\000r\000k\000i\000n\000g\000\040\000S\000e\000r\000v\000i\000c\000e\000s}{section.15}% 12
\BOOKMARK [1][-]{section.18}{\376\377\0002\000.\0002\000\040\000C\000o\000l\000l\000e\000c\000t\000i\000v\000e\000\040\000I\000n\000t\000e\000l\000l\000i\000g\000e\000n\000c\000e\000\040\000a\000n\000d\000\040\000C\000r\000o\000w\000d\000s\000o\000u\000r\000c\000i\000n\000g}{chapter.14}% 13
\BOOKMARK [2][-]{subsection.19}{\376\377\0002\000.\0002\000.\0001\000\040\000C\000r\000o\000w\000d\000s\000o\000u\000r\000c\000i\000n\000g\000\040\000S\000e\000r\000v\000i\000c\000e\000s}{section.18}% 14
\BOOKMARK [3][-]{subsubsection.20}{\376\377\0002\000.\0002\000.\0001\000.\0001\000\040\000W\000i\000k\000i}{subsection.19}% 15
\BOOKMARK [3][-]{subsubsection.21}{\376\377\0002\000.\0002\000.\0001\000.\0002\000\040\000F\000o\000r\000u\000m\000s\000\040\000a\000n\000d\000\040\000M\000e\000s\000s\000a\000g\000i\000n\000g\000\040\000B\000o\000a\000r\000d\000s}{subsection.19}% 16
\BOOKMARK [3][-]{subsubsection.22}{\376\377\0002\000.\0002\000.\0001\000.\0003\000\040\000Q\000\046\000A\000\040\000S\000e\000r\000v\000i\000c\000e\000s}{subsection.19}% 17
\BOOKMARK [2][-]{subsection.23}{\376\377\0002\000.\0002\000.\0002\000\040\000H\000u\000m\000a\000n\000\040\000C\000o\000m\000p\000u\000t\000a\000t\000i\000o\000n}{section.18}% 18
\BOOKMARK [2][-]{subsection.24}{\376\377\0002\000.\0002\000.\0003\000\040\000U\000s\000e\000r\000\040\000R\000e\000c\000o\000m\000m\000e\000n\000d\000a\000t\000i\000o\000n\000\040\000S\000y\000s\000t\000e\000m}{section.18}% 19
\BOOKMARK [1][-]{section.25}{\376\377\0002\000.\0003\000\040\000S\000e\000m\000a\000n\000t\000i\000c\000\040\000W\000e\000b\000\040\000a\000n\000d\000\040\000L\000i\000n\000k\000e\000d\000\040\000D\000a\000t\000a}{chapter.14}% 20
\BOOKMARK [2][-]{subsection.26}{\376\377\0002\000.\0003\000.\0001\000\040\000S\000o\000c\000i\000a\000l\000\040\000S\000e\000m\000a\000n\000t\000i\000c\000\040\000T\000e\000c\000h\000n\000o\000l\000o\000g\000y}{section.25}% 21
\BOOKMARK [3][-]{subsubsection.27}{\376\377\0002\000.\0003\000.\0001\000.\0001\000\040\000F\000O\000A\000F}{subsection.26}% 22
\BOOKMARK [3][-]{subsubsection.28}{\376\377\0002\000.\0003\000.\0001\000.\0002\000\040\000S\000I\000O\000C}{subsection.26}% 23
\BOOKMARK [3][-]{subsubsection.29}{\376\377\0002\000.\0003\000.\0001\000.\0003\000\040\000O\000P\000O}{subsection.26}% 24
\BOOKMARK [2][-]{subsection.30}{\376\377\0002\000.\0003\000.\0002\000\040\000L\000i\000n\000k\000e\000d\000\040\000D\000a\000t\000a\000\040\000T\000e\000c\000h\000n\000o\000l\000o\000g\000y}{section.25}% 25
\BOOKMARK [3][-]{subsubsection.31}{\376\377\0002\000.\0003\000.\0002\000.\0001\000\040\000L\000i\000n\000k\000i\000n\000g\000\040\000t\000h\000e\000\040\000D\000a\000t\000a\000s\000e\000t\000s}{subsection.30}% 26
\BOOKMARK [2][-]{subsection.32}{\376\377\0002\000.\0003\000.\0003\000\040\000O\000p\000e\000n\000\040\000L\000i\000n\000k\000e\000d\000\040\000D\000a\000t\000a\000\040\000a\000n\000d\000\040\000G\000r\000a\000p\000h}{section.25}% 27
\BOOKMARK [1][-]{section.33}{\376\377\0002\000.\0004\000\040\000S\000e\000m\000a\000n\000t\000i\000c\000\040\000S\000e\000a\000r\000c\000h}{chapter.14}% 28
\BOOKMARK [2][-]{subsection.34}{\376\377\0002\000.\0004\000.\0001\000\040\000K\000e\000y\000w\000o\000r\000d\000\040\000D\000i\000s\000a\000m\000b\000i\000g\000u\000a\000t\000i\000o\000n}{section.33}% 29
\BOOKMARK [2][-]{subsection.35}{\376\377\0002\000.\0004\000.\0002\000\040\000C\000o\000n\000c\000e\000p\000t\000\040\000M\000a\000p\000p\000i\000n\000g}{section.33}% 30
\BOOKMARK [2][-]{subsection.36}{\376\377\0002\000.\0004\000.\0003\000\040\000S\000P\000A\000R\000Q\000L\000\040\000Q\000u\000e\000r\000i\000e\000s}{section.33}% 31
\BOOKMARK [0][-]{chapter.37}{\376\377\0003\000\040\000P\000u\000r\000p\000o\000s\000i\000v\000e\000\040\000S\000o\000c\000i\000a\000l\000\040\000N\000e\000t\000w\000o\000r\000k}{}% 32
\BOOKMARK [1][-]{section.38}{\376\377\0003\000.\0001\000\040\000W\000h\000a\000t\000\040\000i\000s\000\040\000P\000u\000r\000p\000o\000s\000i\000v\000e\000\040\000S\000o\000c\000i\000a\000l\000\040\000N\000e\000t\000w\000o\000r\000k}{chapter.37}% 33
\BOOKMARK [2][-]{subsection.39}{\376\377\0003\000.\0001\000.\0001\000\040\000I\000n\000f\000o\000r\000m\000a\000t\000i\000o\000n\000\040\000B\000a\000s\000e\000d\000\040\000C\000o\000m\000m\000u\000n\000i\000t\000y}{section.38}% 34
\BOOKMARK [2][-]{subsection.40}{\376\377\0003\000.\0001\000.\0002\000\040\000I\000n\000t\000e\000r\000e\000s\000t\000\040\000B\000a\000s\000e\000d\000\040\000C\000o\000m\000m\000u\000n\000i\000t\000y}{section.38}% 35
\BOOKMARK [2][-]{subsection.41}{\376\377\0003\000.\0001\000.\0003\000\040\000E\000x\000p\000e\000r\000t\000\040\000B\000a\000s\000e\000d\000\040\000C\000o\000m\000m\000u\000n\000i\000t\000y}{section.38}% 36
\BOOKMARK [2][-]{subsection.42}{\376\377\0003\000.\0001\000.\0004\000\040\000L\000o\000c\000a\000t\000i\000o\000n\000\040\000B\000a\000s\000e\000d\000\040\000C\000o\000m\000m\000u\000n\000i\000t\000y}{section.38}% 37
\BOOKMARK [1][-]{section.43}{\376\377\0003\000.\0002\000\040\000C\000h\000a\000r\000a\000c\000t\000e\000r\000i\000s\000t\000i\000c\000s\000\040\000o\000f\000\040\000P\000u\000r\000p\000o\000s\000i\000v\000e\000\040\000S\000o\000c\000i\000a\000l\000\040\000N\000e\000t\000w\000o\000r\000k}{chapter.37}% 38
\BOOKMARK [2][-]{subsection.44}{\376\377\0003\000.\0002\000.\0001\000\040\000C\000o\000m\000m\000u\000n\000i\000t\000y\000\040\000S\000i\000z\000e}{section.43}% 39
\BOOKMARK [2][-]{subsection.45}{\376\377\0003\000.\0002\000.\0002\000\040\000F\000o\000c\000u\000s\000e\000d\000\040\000I\000n\000t\000e\000r\000e\000s\000t}{section.43}% 40
\BOOKMARK [2][-]{subsection.46}{\376\377\0003\000.\0002\000.\0003\000\040\000D\000i\000r\000e\000c\000t\000\040\000C\000o\000m\000m\000u\000n\000i\000c\000a\000t\000i\000o\000n}{section.43}% 41
\BOOKMARK [2][-]{subsection.47}{\376\377\0003\000.\0002\000.\0004\000\040\000A\000c\000t\000i\000v\000e\000\040\000P\000a\000r\000t\000i\000c\000i\000p\000a\000t\000i\000o\000n}{section.43}% 42
\BOOKMARK [2][-]{subsection.48}{\376\377\0003\000.\0002\000.\0005\000\040\000S\000h\000o\000r\000t\000\040\000L\000i\000f\000e\000s\000p\000a\000n}{section.43}% 43
\BOOKMARK [2][-]{subsection.49}{\376\377\0003\000.\0002\000.\0006\000\040\000S\000t\000r\000o\000n\000g\000\040\000I\000n\000c\000e\000n\000t\000i\000v\000e}{section.43}% 44
\BOOKMARK [1][-]{section.50}{\376\377\0003\000.\0003\000\040\000B\000e\000n\000e\000f\000i\000t\000s\000\040\000o\000f\000\040\000P\000u\000r\000p\000o\000s\000i\000v\000e\000\040\000S\000o\000c\000i\000a\000l\000\040\000N\000e\000t\000w\000o\000r\000k}{chapter.37}% 45
\BOOKMARK [2][-]{subsection.51}{\376\377\0003\000.\0003\000.\0001\000\040\000I\000n\000f\000o\000r\000m\000a\000t\000i\000o\000n\000\040\000E\000x\000c\000h\000a\000n\000g\000e\000\040\000a\000n\000d\000\040\000S\000e\000l\000f\000-\000i\000n\000t\000e\000r\000e\000s\000t}{section.50}% 46
\BOOKMARK [2][-]{subsection.52}{\376\377\0003\000.\0003\000.\0002\000\040\000S\000y\000m\000b\000i\000o\000t\000i\000c\000\040\000R\000e\000l\000a\000t\000i\000o\000n\000\040\000a\000n\000d\000\040\000S\000o\000c\000i\000a\000l\000\040\000E\000x\000c\000h\000a\000n\000g\000e}{section.50}% 47
\BOOKMARK [2][-]{subsection.53}{\376\377\0003\000.\0003\000.\0003\000\040\000S\000o\000c\000i\000a\000l\000\040\000R\000e\000c\000o\000g\000n\000i\000t\000i\000o\000n\000\040\000a\000n\000d\000\040\000P\000e\000r\000s\000o\000n\000a\000l\000\040\000S\000a\000t\000i\000s\000f\000a\000c\000t\000i\000o\000n}{section.50}% 48
\BOOKMARK [2][-]{subsection.54}{\376\377\0003\000.\0003\000.\0004\000\040\000R\000e\000c\000o\000m\000m\000e\000n\000d\000a\000t\000i\000o\000n\000\040\000S\000y\000s\000t\000e\000m}{section.50}% 49
\BOOKMARK [2][-]{subsection.55}{\376\377\0003\000.\0003\000.\0005\000\040\000E\000x\000p\000e\000r\000t\000\040\000F\000i\000n\000d\000e\000r}{section.50}% 50
\BOOKMARK [1][-]{section.56}{\376\377\0003\000.\0004\000\040\000C\000r\000o\000w\000d\000s\000o\000u\000r\000c\000i\000n\000g\000\040\000i\000n\000\040\000P\000u\000r\000p\000o\000s\000i\000v\000e\000\040\000S\000o\000c\000i\000a\000l\000\040\000N\000e\000t\000w\000o\000r\000k}{chapter.37}% 51
\BOOKMARK [2][-]{subsection.57}{\376\377\0003\000.\0004\000.\0001\000\040\000R\000e\000c\000r\000u\000i\000t\000i\000n\000g\000\040\000a\000n\000d\000\040\000R\000e\000t\000a\000i\000n\000i\000n\000g\000\040\000U\000s\000e\000r\000s}{section.56}% 52
\BOOKMARK [2][-]{subsection.58}{\376\377\0003\000.\0004\000.\0002\000\040\000I\000n\000c\000e\000n\000t\000i\000v\000e\000\040\000M\000o\000d\000e\000l}{section.56}% 53
\BOOKMARK [2][-]{subsection.59}{\376\377\0003\000.\0004\000.\0003\000\040\000Q\000u\000a\000l\000i\000t\000y\000\040\000C\000o\000n\000t\000r\000o\000l}{section.56}% 54
\BOOKMARK [2][-]{subsection.60}{\376\377\0003\000.\0004\000.\0004\000\040\000S\000e\000a\000r\000c\000h\000\040\000a\000n\000d\000\040\000D\000i\000s\000c\000o\000v\000e\000r\000y\000\040\000o\000f\000\040\000Q\000u\000a\000l\000i\000t\000y\000\040\000C\000o\000n\000t\000e\000n\000t}{section.56}% 55
\BOOKMARK [1][-]{section.61}{\376\377\0003\000.\0005\000\040\000U\000s\000e\000\040\000o\000f\000\040\000S\000e\000m\000a\000n\000t\000i\000c\000\040\000W\000e\000b\000\040\000a\000n\000d\000\040\000L\000i\000n\000k\000e\000d\000\040\000D\000a\000t\000a\000\040\000i\000n\000\040\000P\000u\000r\000p\000o\000s\000i\000v\000e\000\040\000S\000o\000c\000i\000a\000l\000\040\000N\000e\000t\000w\000o\000r\000k}{chapter.37}% 56
\BOOKMARK [2][-]{subsection.62}{\376\377\0003\000.\0005\000.\0001\000\040\000S\000t\000r\000u\000c\000t\000u\000r\000e\000d\000\040\000D\000a\000t\000a}{section.61}% 57
\BOOKMARK [2][-]{subsection.63}{\376\377\0003\000.\0005\000.\0002\000\040\000L\000i\000n\000k\000i\000n\000g\000\040\000P\000e\000o\000p\000l\000e\000\040\000t\000o\000\040\000P\000e\000o\000p\000l\000e\000\040\000a\000n\000d\000\040\000P\000e\000o\000p\000l\000e\000\040\000t\000o\000\040\000D\000a\000t\000a}{section.61}% 58
\BOOKMARK [2][-]{subsection.64}{\376\377\0003\000.\0005\000.\0003\000\040\000M\000u\000l\000t\000i\000d\000i\000m\000e\000n\000s\000i\000o\000n\000a\000l\000\040\000N\000e\000t\000w\000o\000r\000k\000\040\000a\000n\000d\000\040\000G\000r\000a\000p\000h}{section.61}% 59
\BOOKMARK [2][-]{subsection.65}{\376\377\0003\000.\0005\000.\0004\000\040\000I\000n\000t\000e\000g\000r\000a\000t\000e\000d\000\040\000K\000n\000o\000w\000l\000e\000d\000g\000e\000b\000a\000s\000e}{section.61}% 60
\BOOKMARK [2][-]{subsection.66}{\376\377\0003\000.\0005\000.\0005\000\040\000S\000m\000a\000r\000t\000\040\000Q\000u\000e\000r\000y\000\040\000a\000n\000d\000\040\000S\000e\000a\000r\000c\000h}{section.61}% 61
\BOOKMARK [2][-]{subsection.67}{\376\377\0003\000.\0005\000.\0006\000\040\000S\000o\000c\000i\000a\000l\000\040\000N\000e\000t\000w\000o\000r\000k\000\040\000A\000n\000a\000l\000y\000s\000i\000s}{section.61}% 62
\BOOKMARK [0][-]{chapter.68}{\376\377\0004\000\040\000S\000y\000s\000t\000e\000m\000\040\000D\000e\000s\000i\000g\000n\000\040\000a\000n\000d\000\040\000M\000e\000t\000h\000o\000d\000o\000l\000o\000g\000y}{}% 63
\BOOKMARK [1][-]{section.69}{\376\377\0004\000.\0001\000\040\000D\000a\000t\000a\000\040\000M\000i\000n\000i\000n\000g}{chapter.68}% 64
\BOOKMARK [2][-]{subsection.70}{\376\377\0004\000.\0001\000.\0001\000\040\000S\000t\000a\000c\000k\000O\000v\000e\000r\000f\000l\000o\000w\000\040\000D\000a\000t\000a\000\040\000M\000i\000n\000i\000n\000g}{section.69}% 65
\BOOKMARK [2][-]{subsection.71}{\376\377\0004\000.\0001\000.\0002\000\040\000R\000e\000d\000d\000i\000t\000\040\000D\000a\000t\000a\000\040\000M\000i\000n\000i\000n\000g}{section.69}% 66
\BOOKMARK [1][-]{section.72}{\376\377\0004\000.\0002\000\040\000D\000a\000t\000a\000\040\000S\000t\000r\000u\000c\000t\000u\000r\000i\000n\000g}{chapter.68}% 67
\BOOKMARK [2][-]{subsection.73}{\376\377\0004\000.\0002\000.\0001\000\040\000D\000a\000t\000a\000\040\000C\000l\000e\000a\000n\000i\000n\000g}{section.72}% 68
\BOOKMARK [2][-]{subsection.74}{\376\377\0004\000.\0002\000.\0002\000\040\000C\000o\000n\000v\000e\000r\000t\000i\000n\000g\000\040\000i\000n\000t\000o\000\040\000N\000-\000T\000r\000i\000p\000l\000e\000s}{section.72}% 69
\BOOKMARK [2][-]{subsection.75}{\376\377\0004\000.\0002\000.\0003\000\040\000L\000i\000n\000k\000i\000n\000g\000\040\000t\000h\000e\000\040\000D\000a\000t\000a}{section.72}% 70
\BOOKMARK [1][-]{section.76}{\376\377\0004\000.\0003\000\040\000K\000e\000y\000w\000o\000r\000d\000\040\000D\000i\000s\000a\000m\000b\000i\000g\000u\000a\000t\000i\000o\000n}{chapter.68}% 71
\BOOKMARK [2][-]{subsection.77}{\376\377\0004\000.\0003\000.\0001\000\040\000O\000p\000e\000n\000C\000a\000l\000a\000i\000s\000\040\000S\000e\000r\000v\000i\000c\000e}{section.76}% 72
\BOOKMARK [2][-]{subsection.78}{\376\377\0004\000.\0003\000.\0002\000\040\000D\000B\000p\000e\000d\000i\000a\000\040\000S\000p\000o\000t\000l\000i\000g\000h\000t\000\040\000S\000e\000r\000v\000i\000c\000e}{section.76}% 73
\BOOKMARK [1][-]{section.79}{\376\377\0004\000.\0004\000\040\000C\000o\000n\000c\000e\000p\000t\000\040\000M\000a\000p\000p\000i\000n\000g}{chapter.68}% 74
\BOOKMARK [2][-]{subsection.80}{\376\377\0004\000.\0004\000.\0001\000\040\000K\000e\000y\000w\000o\000r\000d\000\040\000M\000a\000t\000r\000i\000x}{section.79}% 75
\BOOKMARK [2][-]{subsection.81}{\376\377\0004\000.\0004\000.\0002\000\040\000D\000o\000c\000u\000m\000e\000n\000t\000\040\000T\000e\000r\000m\000\040\000M\000a\000t\000r\000i\000x}{section.79}% 76
\BOOKMARK [1][-]{section.82}{\376\377\0004\000.\0005\000\040\000S\000e\000a\000r\000c\000h\000\040\000a\000n\000d\000\040\000Q\000u\000e\000r\000y}{chapter.68}% 77
\BOOKMARK [2][-]{subsection.83}{\376\377\0004\000.\0005\000.\0001\000\040\000D\000a\000t\000a\000b\000a\000s\000e\000\040\000D\000e\000s\000i\000g\000n}{section.82}% 78
\BOOKMARK [2][-]{subsection.84}{\376\377\0004\000.\0005\000.\0002\000\040\000S\000e\000a\000r\000c\000h\000i\000n\000g\000\040\000A\000n\000s\000w\000e\000r\000s\000\040\000o\000f\000\040\000U\000n\000a\000n\000s\000w\000e\000r\000e\000d\000\040\000Q\000u\000e\000s\000t\000i\000o\000n\000s}{section.82}% 79
\BOOKMARK [2][-]{subsection.85}{\376\377\0004\000.\0005\000.\0003\000\040\000E\000x\000p\000e\000r\000t\000\040\000F\000i\000n\000d\000e\000r}{section.82}% 80
\BOOKMARK [0][-]{chapter.86}{\376\377\0005\000\040\000P\000u\000r\000p\000o\000s\000i\000v\000e\000\040\000S\000o\000c\000i\000a\000l\000\040\000N\000e\000t\000w\000o\000r\000k\000\040\000A\000n\000a\000l\000y\000s\000i\000s}{}% 81
\BOOKMARK [1][-]{section.87}{\376\377\0005\000.\0001\000\040\000N\000e\000t\000w\000o\000r\000k\000\040\000L\000i\000n\000k\000a\000g\000e\000\040\000a\000n\000d\000\040\000S\000o\000c\000i\000a\000l\000\040\000T\000i\000e\000s}{chapter.86}% 82
\BOOKMARK [1][-]{section.88}{\376\377\0005\000.\0002\000\040\000R\000o\000l\000e\000\040\000o\000f\000\040\000I\000n\000d\000i\000v\000i\000d\000u\000a\000l\000\040\000A\000c\000t\000o\000r\000s}{chapter.86}% 83
\BOOKMARK [1][-]{section.89}{\376\377\0005\000.\0003\000\040\000I\000n\000c\000e\000n\000t\000i\000v\000e\000\040\000D\000e\000s\000i\000g\000n}{chapter.86}% 84
\BOOKMARK [1][-]{section.90}{\376\377\0005\000.\0004\000\040\000Q\000u\000a\000l\000i\000t\000y\000\040\000C\000o\000n\000t\000r\000o\000l}{chapter.86}% 85
\BOOKMARK [1][-]{section.91}{\376\377\0005\000.\0005\000\040\000L\000i\000n\000k\000e\000d\000\040\000D\000a\000t\000a\000\040\000G\000r\000a\000p\000h}{chapter.86}% 86
\BOOKMARK [1][-]{section.92}{\376\377\0005\000.\0006\000\040\000D\000i\000s\000c\000o\000u\000r\000s\000e\000\040\000A\000n\000a\000l\000y\000s\000i\000s}{chapter.86}% 87
\BOOKMARK [0][-]{chapter.93}{\376\377\0006\000\040\000E\000v\000a\000l\000u\000a\000t\000i\000o\000n}{}% 88
\BOOKMARK [1][-]{section.94}{\376\377\0006\000.\0001\000\040\000E\000x\000p\000e\000r\000i\000m\000e\000n\000t\000\040\000D\000e\000s\000i\000g\000n}{chapter.93}% 89
\BOOKMARK [2][-]{subsection.95}{\376\377\0006\000.\0001\000.\0001\000\040\000C\000a\000l\000c\000u\000l\000a\000t\000i\000n\000g\000\040\000S\000a\000m\000p\000l\000e\000\040\000S\000i\000z\000e}{section.94}% 90
\BOOKMARK [2][-]{subsection.96}{\376\377\0006\000.\0001\000.\0002\000\040\000S\000e\000l\000e\000c\000t\000i\000n\000g\000\040\000Q\000u\000e\000s\000t\000i\000o\000n\000s}{section.94}% 91
\BOOKMARK [1][-]{section.97}{\376\377\0006\000.\0002\000\040\000D\000a\000t\000a\000\040\000C\000o\000l\000l\000e\000c\000t\000i\000o\000n}{chapter.93}% 92
\BOOKMARK [2][-]{subsection.98}{\376\377\0006\000.\0002\000.\0001\000\040\000Q\000u\000e\000s\000t\000i\000o\000n\000n\000a\000i\000r\000e\000\040\000D\000e\000s\000i\000g\000n}{section.97}% 93
\BOOKMARK [2][-]{subsection.99}{\376\377\0006\000.\0002\000.\0002\000\040\000D\000a\000t\000a\000s\000e\000t\000\040\000F\000r\000e\000q\000u\000e\000n\000c\000y\000\040\000D\000i\000s\000t\000r\000i\000b\000u\000t\000i\000o\000n}{section.97}% 94
\BOOKMARK [1][-]{section.100}{\376\377\0006\000.\0003\000\040\000R\000e\000s\000u\000l\000t\000s}{chapter.93}% 95
\BOOKMARK [2][-]{subsection.101}{\376\377\0006\000.\0003\000.\0001\000\040\000K\000e\000y\000w\000o\000r\000d\000s\000\040\000T\000-\000T\000e\000s\000t}{section.100}% 96
\BOOKMARK [2][-]{subsection.102}{\376\377\0006\000.\0003\000.\0002\000\040\000Q\000\046\000A\000\040\000C\000o\000r\000r\000e\000l\000a\000t\000i\000o\000n\000\040\000T\000e\000s\000t}{section.100}% 97
\BOOKMARK [2][-]{subsection.103}{\376\377\0006\000.\0003\000.\0003\000\040\000S\000u\000m\000m\000a\000r\000y}{section.100}% 98
\BOOKMARK [0][-]{chapter.104}{\376\377\0007\000\040\000C\000o\000n\000c\000l\000u\000s\000i\000o\000n\000s}{}% 99
\BOOKMARK [1][-]{section.105}{\376\377\0007\000.\0001\000\040\000S\000u\000m\000m\000a\000r\000y\000\040\000o\000f\000\040\000R\000e\000s\000u\000l\000t\000s}{chapter.104}% 100
\BOOKMARK [1][-]{section.106}{\376\377\0007\000.\0002\000\040\000L\000i\000m\000i\000t\000a\000t\000i\000o\000n\000\040\000o\000f\000\040\000S\000y\000s\000t\000e\000m}{chapter.104}% 101
\BOOKMARK [1][-]{section.107}{\376\377\0007\000.\0003\000\040\000F\000u\000t\000u\000r\000e\000\040\000W\000o\000r\000k}{chapter.104}% 102
\BOOKMARK [0][-]{appendix.108}{\376\377\000A\000\040\000S\000t\000u\000f\000f}{}% 103
